CRITICAL - 2021-01-13 13:14:35 --> syntax error, unexpected '}', expecting ';'
#0 D:\php-project\project_learning\vendor\codeigniter4\framework\system\Autoloader\Autoloader.php(296): CodeIgniter\Autoloader\Autoloader->requireFile()
#1 D:\php-project\project_learning\vendor\codeigniter4\framework\system\Autoloader\Autoloader.php(258): CodeIgniter\Autoloader\Autoloader->loadInNamespace()
#2 [internal function]: CodeIgniter\Autoloader\Autoloader->loadClass()
#3 [internal function]: spl_autoload_call()
#4 D:\php-project\project_learning\vendor\codeigniter4\framework\system\CodeIgniter.php(869): class_exists()
#5 D:\php-project\project_learning\vendor\codeigniter4\framework\system\CodeIgniter.php(394): CodeIgniter\CodeIgniter->startController()
#6 D:\php-project\project_learning\vendor\codeigniter4\framework\system\CodeIgniter.php(312): CodeIgniter\CodeIgniter->handleRequest()
#7 D:\php-project\project_learning\public\index.php(45): CodeIgniter\CodeIgniter->run()
#8 D:\php-project\project_learning\vendor\codeigniter4\framework\system\Commands\Server\rewrite.php(34): require_once('D:\\php-project\\...')
#9 {main}
CRITICAL - 2021-01-13 13:34:04 --> syntax error, unexpected 'index' (T_STRING), expecting variable (T_VARIABLE)
#0 D:\php-project\project_learning\vendor\codeigniter4\framework\system\Router\Router.php(195): CodeIgniter\Router\Router->autoRoute()
#1 D:\php-project\project_learning\vendor\codeigniter4\framework\system\CodeIgniter.php(793): CodeIgniter\Router\Router->handle()
#2 D:\php-project\project_learning\vendor\codeigniter4\framework\system\CodeIgniter.php(364): CodeIgniter\CodeIgniter->tryToRouteIt()
#3 D:\php-project\project_learning\vendor\codeigniter4\framework\system\CodeIgniter.php(312): CodeIgniter\CodeIgniter->handleRequest()
#4 D:\php-project\project_learning\public\index.php(45): CodeIgniter\CodeIgniter->run()
#5 D:\php-project\project_learning\vendor\codeigniter4\framework\system\Commands\Server\rewrite.php(34): require_once('D:\\php-project\\...')
#6 {main}
CRITICAL - 2021-01-13 13:35:01 --> Class 'App\Contronllers\Controller' not found
#0 D:\php-project\project_learning\vendor\codeigniter4\framework\system\Router\Router.php(583): include_once()
#1 D:\php-project\project_learning\vendor\codeigniter4\framework\system\Router\Router.php(195): CodeIgniter\Router\Router->autoRoute()
#2 D:\php-project\project_learning\vendor\codeigniter4\framework\system\CodeIgniter.php(793): CodeIgniter\Router\Router->handle()
#3 D:\php-project\project_learning\vendor\codeigniter4\framework\system\CodeIgniter.php(364): CodeIgniter\CodeIgniter->tryToRouteIt()
#4 D:\php-project\project_learning\vendor\codeigniter4\framework\system\CodeIgniter.php(312): CodeIgniter\CodeIgniter->handleRequest()
#5 D:\php-project\project_learning\public\index.php(45): CodeIgniter\CodeIgniter->run()
#6 D:\php-project\project_learning\vendor\codeigniter4\framework\system\Commands\Server\rewrite.php(34): require_once('D:\\php-project\\...')
#7 {main}
CRITICAL - 2021-01-13 13:37:02 --> Class 'App\Controllers\Controller' not found
#0 D:\php-project\project_learning\vendor\codeigniter4\framework\system\Router\Router.php(583): include_once()
#1 D:\php-project\project_learning\vendor\codeigniter4\framework\system\Router\Router.php(195): CodeIgniter\Router\Router->autoRoute()
#2 D:\php-project\project_learning\vendor\codeigniter4\framework\system\CodeIgniter.php(793): CodeIgniter\Router\Router->handle()
#3 D:\php-project\project_learning\vendor\codeigniter4\framework\system\CodeIgniter.php(364): CodeIgniter\CodeIgniter->tryToRouteIt()
#4 D:\php-project\project_learning\vendor\codeigniter4\framework\system\CodeIgniter.php(312): CodeIgniter\CodeIgniter->handleRequest()
#5 D:\php-project\project_learning\public\index.php(45): CodeIgniter\CodeIgniter->run()
#6 D:\php-project\project_learning\vendor\codeigniter4\framework\system\Commands\Server\rewrite.php(34): require_once('D:\\php-project\\...')
#7 {main}
CRITICAL - 2021-01-13 19:48:54 --> Invalid file: template/home.php
#0 D:\php-project\project_learning\vendor\codeigniter4\framework\system\View\View.php(228): CodeIgniter\Exceptions\FrameworkException::forInvalidFile()
#1 D:\php-project\project_learning\vendor\codeigniter4\framework\system\Common.php(1119): CodeIgniter\View\View->render()
#2 D:\php-project\project_learning\app\Controllers\Home.php(7): view()
#3 D:\php-project\project_learning\vendor\codeigniter4\framework\system\CodeIgniter.php(918): App\Controllers\Home->index()
#4 D:\php-project\project_learning\vendor\codeigniter4\framework\system\CodeIgniter.php(404): CodeIgniter\CodeIgniter->runController()
#5 D:\php-project\project_learning\vendor\codeigniter4\framework\system\CodeIgniter.php(312): CodeIgniter\CodeIgniter->handleRequest()
#6 D:\php-project\project_learning\public\index.php(45): CodeIgniter\CodeIgniter->run()
#7 D:\php-project\project_learning\vendor\codeigniter4\framework\system\Commands\Server\rewrite.php(34): require_once('D:\\php-project\\...')
#8 {main}
CRITICAL - 2021-01-13 19:49:29 --> Invalid file: templates/home.php
#0 D:\php-project\project_learning\vendor\codeigniter4\framework\system\View\View.php(228): CodeIgniter\Exceptions\FrameworkException::forInvalidFile()
#1 D:\php-project\project_learning\vendor\codeigniter4\framework\system\Common.php(1119): CodeIgniter\View\View->render()
#2 D:\php-project\project_learning\app\Controllers\Home.php(7): view()
#3 D:\php-project\project_learning\vendor\codeigniter4\framework\system\CodeIgniter.php(918): App\Controllers\Home->index()
#4 D:\php-project\project_learning\vendor\codeigniter4\framework\system\CodeIgniter.php(404): CodeIgniter\CodeIgniter->runController()
#5 D:\php-project\project_learning\vendor\codeigniter4\framework\system\CodeIgniter.php(312): CodeIgniter\CodeIgniter->handleRequest()
#6 D:\php-project\project_learning\public\index.php(45): CodeIgniter\CodeIgniter->run()
#7 D:\php-project\project_learning\vendor\codeigniter4\framework\system\Commands\Server\rewrite.php(34): require_once('D:\\php-project\\...')
#8 {main}
CRITICAL - 2021-01-13 19:50:35 --> Invalid file: templates/home.php
#0 D:\php-project\project_learning\vendor\codeigniter4\framework\system\View\View.php(228): CodeIgniter\Exceptions\FrameworkException::forInvalidFile()
#1 D:\php-project\project_learning\vendor\codeigniter4\framework\system\Common.php(1119): CodeIgniter\View\View->render()
#2 D:\php-project\project_learning\app\Controllers\Home.php(7): view()
#3 D:\php-project\project_learning\vendor\codeigniter4\framework\system\CodeIgniter.php(918): App\Controllers\Home->index()
#4 D:\php-project\project_learning\vendor\codeigniter4\framework\system\CodeIgniter.php(404): CodeIgniter\CodeIgniter->runController()
#5 D:\php-project\project_learning\vendor\codeigniter4\framework\system\CodeIgniter.php(312): CodeIgniter\CodeIgniter->handleRequest()
#6 D:\php-project\project_learning\public\index.php(45): CodeIgniter\CodeIgniter->run()
#7 D:\php-project\project_learning\vendor\codeigniter4\framework\system\Commands\Server\rewrite.php(34): require_once('D:\\php-project\\...')
#8 {main}
