CRITICAL - 2021-01-18 05:03:57 --> Argument 1 passed to App\Controllers\Api\Member::failValidationError() must be of the type string, array given, called in /var/www/html/app/Controllers/Api/Member.php on line 47
#0 /var/www/html/app/Controllers/Api/Member.php(47): App\Controllers\Api\Member->failValidationError(Array)
#1 /var/www/html/vendor/codeigniter4/framework/system/CodeIgniter.php(918): App\Controllers\Api\Member->register()
#2 /var/www/html/vendor/codeigniter4/framework/system/CodeIgniter.php(404): CodeIgniter\CodeIgniter->runController(Object(App\Controllers\Api\Member))
#3 /var/www/html/vendor/codeigniter4/framework/system/CodeIgniter.php(312): CodeIgniter\CodeIgniter->handleRequest(NULL, Object(Config\Cache), false)
#4 /var/www/html/public/index.php(47): CodeIgniter\CodeIgniter->run()
#5 {main}
CRITICAL - 2021-01-18 05:04:48 --> Argument 1 passed to App\Controllers\Api\Member::failValidationError() must be of the type string, array given, called in /var/www/html/app/Controllers/Api/Member.php on line 47
#0 /var/www/html/app/Controllers/Api/Member.php(47): App\Controllers\Api\Member->failValidationError(Array)
#1 /var/www/html/vendor/codeigniter4/framework/system/CodeIgniter.php(918): App\Controllers\Api\Member->register()
#2 /var/www/html/vendor/codeigniter4/framework/system/CodeIgniter.php(404): CodeIgniter\CodeIgniter->runController(Object(App\Controllers\Api\Member))
#3 /var/www/html/vendor/codeigniter4/framework/system/CodeIgniter.php(312): CodeIgniter\CodeIgniter->handleRequest(NULL, Object(Config\Cache), false)
#4 /var/www/html/public/index.php(47): CodeIgniter\CodeIgniter->run()
#5 {main}
CRITICAL - 2021-01-18 19:38:18 --> Unable to connect to the database.
#0 D:\php-project\project_learning\vendor\codeigniter4\framework\system\Database\BaseConnection.php(646): CodeIgniter\Database\BaseConnection->initialize()
#1 D:\php-project\project_learning\vendor\codeigniter4\framework\system\Database\BaseConnection.php(1548): CodeIgniter\Database\BaseConnection->query()
#2 D:\php-project\project_learning\vendor\codeigniter4\framework\system\Database\BaseConnection.php(1591): CodeIgniter\Database\BaseConnection->listTables()
#3 D:\php-project\project_learning\vendor\codeigniter4\framework\system\Database\MigrationRunner.php(945): CodeIgniter\Database\BaseConnection->tableExists()
#4 D:\php-project\project_learning\vendor\codeigniter4\framework\system\Database\MigrationRunner.php(193): CodeIgniter\Database\MigrationRunner->ensureTable()
#5 D:\php-project\project_learning\vendor\codeigniter4\framework\system\Commands\Database\Migrate.php(128): CodeIgniter\Database\MigrationRunner->latest()
#6 D:\php-project\project_learning\vendor\codeigniter4\framework\system\CLI\Commands.php(100): CodeIgniter\Commands\Database\Migrate->run()
#7 D:\php-project\project_learning\vendor\codeigniter4\framework\system\CLI\CommandRunner.php(107): CodeIgniter\CLI\Commands->run()
#8 D:\php-project\project_learning\vendor\codeigniter4\framework\system\CLI\CommandRunner.php(85): CodeIgniter\CLI\CommandRunner->index()
#9 D:\php-project\project_learning\vendor\codeigniter4\framework\system\CodeIgniter.php(914): CodeIgniter\CLI\CommandRunner->_remap()
#10 D:\php-project\project_learning\vendor\codeigniter4\framework\system\CodeIgniter.php(404): CodeIgniter\CodeIgniter->runController()
#11 D:\php-project\project_learning\vendor\codeigniter4\framework\system\CodeIgniter.php(312): CodeIgniter\CodeIgniter->handleRequest()
#12 D:\php-project\project_learning\vendor\codeigniter4\framework\system\CLI\Console.php(86): CodeIgniter\CodeIgniter->run()
#13 D:\php-project\project_learning\spark(57): CodeIgniter\CLI\Console->run()
#14 {main}
CRITICAL - 2021-01-18 19:39:38 --> Unable to connect to the database.
#0 D:\php-project\project_learning\vendor\codeigniter4\framework\system\Database\BaseConnection.php(646): CodeIgniter\Database\BaseConnection->initialize()
#1 D:\php-project\project_learning\vendor\codeigniter4\framework\system\Database\BaseConnection.php(1548): CodeIgniter\Database\BaseConnection->query()
#2 D:\php-project\project_learning\vendor\codeigniter4\framework\system\Database\BaseConnection.php(1591): CodeIgniter\Database\BaseConnection->listTables()
#3 D:\php-project\project_learning\vendor\codeigniter4\framework\system\Database\MigrationRunner.php(945): CodeIgniter\Database\BaseConnection->tableExists()
#4 D:\php-project\project_learning\vendor\codeigniter4\framework\system\Database\MigrationRunner.php(193): CodeIgniter\Database\MigrationRunner->ensureTable()
#5 D:\php-project\project_learning\vendor\codeigniter4\framework\system\Commands\Database\Migrate.php(128): CodeIgniter\Database\MigrationRunner->latest()
#6 D:\php-project\project_learning\vendor\codeigniter4\framework\system\CLI\Commands.php(100): CodeIgniter\Commands\Database\Migrate->run()
#7 D:\php-project\project_learning\vendor\codeigniter4\framework\system\CLI\CommandRunner.php(107): CodeIgniter\CLI\Commands->run()
#8 D:\php-project\project_learning\vendor\codeigniter4\framework\system\CLI\CommandRunner.php(85): CodeIgniter\CLI\CommandRunner->index()
#9 D:\php-project\project_learning\vendor\codeigniter4\framework\system\CodeIgniter.php(914): CodeIgniter\CLI\CommandRunner->_remap()
#10 D:\php-project\project_learning\vendor\codeigniter4\framework\system\CodeIgniter.php(404): CodeIgniter\CodeIgniter->runController()
#11 D:\php-project\project_learning\vendor\codeigniter4\framework\system\CodeIgniter.php(312): CodeIgniter\CodeIgniter->handleRequest()
#12 D:\php-project\project_learning\vendor\codeigniter4\framework\system\CLI\Console.php(86): CodeIgniter\CodeIgniter->run()
#13 D:\php-project\project_learning\spark(57): CodeIgniter\CLI\Console->run()
#14 {main}
CRITICAL - 2021-01-18 19:44:13 --> Unable to connect to the database.
#0 D:\php-project\project_learning\vendor\codeigniter4\framework\system\Database\BaseConnection.php(646): CodeIgniter\Database\BaseConnection->initialize()
#1 D:\php-project\project_learning\vendor\codeigniter4\framework\system\Database\BaseConnection.php(1548): CodeIgniter\Database\BaseConnection->query()
#2 D:\php-project\project_learning\vendor\codeigniter4\framework\system\Database\BaseConnection.php(1591): CodeIgniter\Database\BaseConnection->listTables()
#3 D:\php-project\project_learning\vendor\codeigniter4\framework\system\Database\MigrationRunner.php(945): CodeIgniter\Database\BaseConnection->tableExists()
#4 D:\php-project\project_learning\vendor\codeigniter4\framework\system\Database\MigrationRunner.php(193): CodeIgniter\Database\MigrationRunner->ensureTable()
#5 D:\php-project\project_learning\vendor\codeigniter4\framework\system\Commands\Database\Migrate.php(128): CodeIgniter\Database\MigrationRunner->latest()
#6 D:\php-project\project_learning\vendor\codeigniter4\framework\system\CLI\Commands.php(100): CodeIgniter\Commands\Database\Migrate->run()
#7 D:\php-project\project_learning\vendor\codeigniter4\framework\system\CLI\CommandRunner.php(107): CodeIgniter\CLI\Commands->run()
#8 D:\php-project\project_learning\vendor\codeigniter4\framework\system\CLI\CommandRunner.php(85): CodeIgniter\CLI\CommandRunner->index()
#9 D:\php-project\project_learning\vendor\codeigniter4\framework\system\CodeIgniter.php(914): CodeIgniter\CLI\CommandRunner->_remap()
#10 D:\php-project\project_learning\vendor\codeigniter4\framework\system\CodeIgniter.php(404): CodeIgniter\CodeIgniter->runController()
#11 D:\php-project\project_learning\vendor\codeigniter4\framework\system\CodeIgniter.php(312): CodeIgniter\CodeIgniter->handleRequest()
#12 D:\php-project\project_learning\vendor\codeigniter4\framework\system\CLI\Console.php(86): CodeIgniter\CodeIgniter->run()
#13 D:\php-project\project_learning\spark(57): CodeIgniter\CLI\Console->run()
#14 {main}
CRITICAL - 2021-01-18 19:45:23 --> Unable to connect to the database.
#0 D:\php-project\project_learning\vendor\codeigniter4\framework\system\Database\BaseConnection.php(646): CodeIgniter\Database\BaseConnection->initialize()
#1 D:\php-project\project_learning\vendor\codeigniter4\framework\system\Database\BaseConnection.php(1548): CodeIgniter\Database\BaseConnection->query()
#2 D:\php-project\project_learning\vendor\codeigniter4\framework\system\Database\BaseConnection.php(1591): CodeIgniter\Database\BaseConnection->listTables()
#3 D:\php-project\project_learning\vendor\codeigniter4\framework\system\Database\MigrationRunner.php(945): CodeIgniter\Database\BaseConnection->tableExists()
#4 D:\php-project\project_learning\vendor\codeigniter4\framework\system\Database\MigrationRunner.php(193): CodeIgniter\Database\MigrationRunner->ensureTable()
#5 D:\php-project\project_learning\vendor\codeigniter4\framework\system\Commands\Database\Migrate.php(128): CodeIgniter\Database\MigrationRunner->latest()
#6 D:\php-project\project_learning\vendor\codeigniter4\framework\system\CLI\Commands.php(100): CodeIgniter\Commands\Database\Migrate->run()
#7 D:\php-project\project_learning\vendor\codeigniter4\framework\system\CLI\CommandRunner.php(107): CodeIgniter\CLI\Commands->run()
#8 D:\php-project\project_learning\vendor\codeigniter4\framework\system\CLI\CommandRunner.php(85): CodeIgniter\CLI\CommandRunner->index()
#9 D:\php-project\project_learning\vendor\codeigniter4\framework\system\CodeIgniter.php(914): CodeIgniter\CLI\CommandRunner->_remap()
#10 D:\php-project\project_learning\vendor\codeigniter4\framework\system\CodeIgniter.php(404): CodeIgniter\CodeIgniter->runController()
#11 D:\php-project\project_learning\vendor\codeigniter4\framework\system\CodeIgniter.php(312): CodeIgniter\CodeIgniter->handleRequest()
#12 D:\php-project\project_learning\vendor\codeigniter4\framework\system\CLI\Console.php(86): CodeIgniter\CodeIgniter->run()
#13 D:\php-project\project_learning\spark(57): CodeIgniter\CLI\Console->run()
#14 {main}
CRITICAL - 2021-01-18 19:45:26 --> Unable to connect to the database.
#0 D:\php-project\project_learning\vendor\codeigniter4\framework\system\Database\BaseConnection.php(646): CodeIgniter\Database\BaseConnection->initialize()
#1 D:\php-project\project_learning\vendor\codeigniter4\framework\system\Database\BaseConnection.php(1548): CodeIgniter\Database\BaseConnection->query()
#2 D:\php-project\project_learning\vendor\codeigniter4\framework\system\Database\BaseConnection.php(1591): CodeIgniter\Database\BaseConnection->listTables()
#3 D:\php-project\project_learning\vendor\codeigniter4\framework\system\Database\MigrationRunner.php(945): CodeIgniter\Database\BaseConnection->tableExists()
#4 D:\php-project\project_learning\vendor\codeigniter4\framework\system\Database\MigrationRunner.php(193): CodeIgniter\Database\MigrationRunner->ensureTable()
#5 D:\php-project\project_learning\vendor\codeigniter4\framework\system\Commands\Database\Migrate.php(128): CodeIgniter\Database\MigrationRunner->latest()
#6 D:\php-project\project_learning\vendor\codeigniter4\framework\system\CLI\Commands.php(100): CodeIgniter\Commands\Database\Migrate->run()
#7 D:\php-project\project_learning\vendor\codeigniter4\framework\system\CLI\CommandRunner.php(107): CodeIgniter\CLI\Commands->run()
#8 D:\php-project\project_learning\vendor\codeigniter4\framework\system\CLI\CommandRunner.php(85): CodeIgniter\CLI\CommandRunner->index()
#9 D:\php-project\project_learning\vendor\codeigniter4\framework\system\CodeIgniter.php(914): CodeIgniter\CLI\CommandRunner->_remap()
#10 D:\php-project\project_learning\vendor\codeigniter4\framework\system\CodeIgniter.php(404): CodeIgniter\CodeIgniter->runController()
#11 D:\php-project\project_learning\vendor\codeigniter4\framework\system\CodeIgniter.php(312): CodeIgniter\CodeIgniter->handleRequest()
#12 D:\php-project\project_learning\vendor\codeigniter4\framework\system\CLI\Console.php(86): CodeIgniter\CodeIgniter->run()
#13 D:\php-project\project_learning\spark(57): CodeIgniter\CLI\Console->run()
#14 {main}
CRITICAL - 2021-01-18 19:46:09 --> Unable to connect to the database.
#0 D:\php-project\project_learning\vendor\codeigniter4\framework\system\Database\BaseConnection.php(646): CodeIgniter\Database\BaseConnection->initialize()
#1 D:\php-project\project_learning\vendor\codeigniter4\framework\system\Database\BaseConnection.php(1548): CodeIgniter\Database\BaseConnection->query()
#2 D:\php-project\project_learning\vendor\codeigniter4\framework\system\Database\BaseConnection.php(1591): CodeIgniter\Database\BaseConnection->listTables()
#3 D:\php-project\project_learning\vendor\codeigniter4\framework\system\Database\MigrationRunner.php(945): CodeIgniter\Database\BaseConnection->tableExists()
#4 D:\php-project\project_learning\vendor\codeigniter4\framework\system\Database\MigrationRunner.php(193): CodeIgniter\Database\MigrationRunner->ensureTable()
#5 D:\php-project\project_learning\vendor\codeigniter4\framework\system\Commands\Database\Migrate.php(128): CodeIgniter\Database\MigrationRunner->latest()
#6 D:\php-project\project_learning\vendor\codeigniter4\framework\system\CLI\Commands.php(100): CodeIgniter\Commands\Database\Migrate->run()
#7 D:\php-project\project_learning\vendor\codeigniter4\framework\system\CLI\CommandRunner.php(107): CodeIgniter\CLI\Commands->run()
#8 D:\php-project\project_learning\vendor\codeigniter4\framework\system\CLI\CommandRunner.php(85): CodeIgniter\CLI\CommandRunner->index()
#9 D:\php-project\project_learning\vendor\codeigniter4\framework\system\CodeIgniter.php(914): CodeIgniter\CLI\CommandRunner->_remap()
#10 D:\php-project\project_learning\vendor\codeigniter4\framework\system\CodeIgniter.php(404): CodeIgniter\CodeIgniter->runController()
#11 D:\php-project\project_learning\vendor\codeigniter4\framework\system\CodeIgniter.php(312): CodeIgniter\CodeIgniter->handleRequest()
#12 D:\php-project\project_learning\vendor\codeigniter4\framework\system\CLI\Console.php(86): CodeIgniter\CodeIgniter->run()
#13 D:\php-project\project_learning\spark(57): CodeIgniter\CLI\Console->run()
#14 {main}
CRITICAL - 2021-01-18 19:50:45 --> Unable to connect to the database.
#0 D:\php-project\project_learning\vendor\codeigniter4\framework\system\Database\BaseConnection.php(646): CodeIgniter\Database\BaseConnection->initialize()
#1 D:\php-project\project_learning\vendor\codeigniter4\framework\system\Database\BaseConnection.php(1548): CodeIgniter\Database\BaseConnection->query()
#2 D:\php-project\project_learning\vendor\codeigniter4\framework\system\Database\BaseConnection.php(1591): CodeIgniter\Database\BaseConnection->listTables()
#3 D:\php-project\project_learning\vendor\codeigniter4\framework\system\Database\MigrationRunner.php(945): CodeIgniter\Database\BaseConnection->tableExists()
#4 D:\php-project\project_learning\vendor\codeigniter4\framework\system\Database\MigrationRunner.php(193): CodeIgniter\Database\MigrationRunner->ensureTable()
#5 D:\php-project\project_learning\vendor\codeigniter4\framework\system\Commands\Database\Migrate.php(128): CodeIgniter\Database\MigrationRunner->latest()
#6 D:\php-project\project_learning\vendor\codeigniter4\framework\system\CLI\Commands.php(100): CodeIgniter\Commands\Database\Migrate->run()
#7 D:\php-project\project_learning\vendor\codeigniter4\framework\system\CLI\CommandRunner.php(107): CodeIgniter\CLI\Commands->run()
#8 D:\php-project\project_learning\vendor\codeigniter4\framework\system\CLI\CommandRunner.php(85): CodeIgniter\CLI\CommandRunner->index()
#9 D:\php-project\project_learning\vendor\codeigniter4\framework\system\CodeIgniter.php(914): CodeIgniter\CLI\CommandRunner->_remap()
#10 D:\php-project\project_learning\vendor\codeigniter4\framework\system\CodeIgniter.php(404): CodeIgniter\CodeIgniter->runController()
#11 D:\php-project\project_learning\vendor\codeigniter4\framework\system\CodeIgniter.php(312): CodeIgniter\CodeIgniter->handleRequest()
#12 D:\php-project\project_learning\vendor\codeigniter4\framework\system\CLI\Console.php(86): CodeIgniter\CodeIgniter->run()
#13 D:\php-project\project_learning\spark(57): CodeIgniter\CLI\Console->run()
#14 {main}
CRITICAL - 2021-01-18 20:01:01 --> Unable to connect to the database.
#0 D:\php-project\project_learning\vendor\codeigniter4\framework\system\Database\BaseConnection.php(646): CodeIgniter\Database\BaseConnection->initialize()
#1 D:\php-project\project_learning\vendor\codeigniter4\framework\system\Database\BaseConnection.php(1548): CodeIgniter\Database\BaseConnection->query()
#2 D:\php-project\project_learning\vendor\codeigniter4\framework\system\Database\BaseConnection.php(1591): CodeIgniter\Database\BaseConnection->listTables()
#3 D:\php-project\project_learning\vendor\codeigniter4\framework\system\Database\MigrationRunner.php(945): CodeIgniter\Database\BaseConnection->tableExists()
#4 D:\php-project\project_learning\vendor\codeigniter4\framework\system\Database\MigrationRunner.php(193): CodeIgniter\Database\MigrationRunner->ensureTable()
#5 D:\php-project\project_learning\vendor\codeigniter4\framework\system\Commands\Database\Migrate.php(128): CodeIgniter\Database\MigrationRunner->latest()
#6 D:\php-project\project_learning\vendor\codeigniter4\framework\system\CLI\Commands.php(100): CodeIgniter\Commands\Database\Migrate->run()
#7 D:\php-project\project_learning\vendor\codeigniter4\framework\system\CLI\CommandRunner.php(107): CodeIgniter\CLI\Commands->run()
#8 D:\php-project\project_learning\vendor\codeigniter4\framework\system\CLI\CommandRunner.php(85): CodeIgniter\CLI\CommandRunner->index()
#9 D:\php-project\project_learning\vendor\codeigniter4\framework\system\CodeIgniter.php(914): CodeIgniter\CLI\CommandRunner->_remap()
#10 D:\php-project\project_learning\vendor\codeigniter4\framework\system\CodeIgniter.php(404): CodeIgniter\CodeIgniter->runController()
#11 D:\php-project\project_learning\vendor\codeigniter4\framework\system\CodeIgniter.php(312): CodeIgniter\CodeIgniter->handleRequest()
#12 D:\php-project\project_learning\vendor\codeigniter4\framework\system\CLI\Console.php(86): CodeIgniter\CodeIgniter->run()
#13 D:\php-project\project_learning\spark(57): CodeIgniter\CLI\Console->run()
#14 {main}
CRITICAL - 2021-01-18 20:04:16 --> Unable to connect to the database.
#0 D:\php-project\project_learning\vendor\codeigniter4\framework\system\Database\BaseConnection.php(646): CodeIgniter\Database\BaseConnection->initialize()
#1 D:\php-project\project_learning\vendor\codeigniter4\framework\system\Database\BaseConnection.php(1548): CodeIgniter\Database\BaseConnection->query()
#2 D:\php-project\project_learning\vendor\codeigniter4\framework\system\Database\BaseConnection.php(1591): CodeIgniter\Database\BaseConnection->listTables()
#3 D:\php-project\project_learning\vendor\codeigniter4\framework\system\Database\MigrationRunner.php(945): CodeIgniter\Database\BaseConnection->tableExists()
#4 D:\php-project\project_learning\vendor\codeigniter4\framework\system\Database\MigrationRunner.php(193): CodeIgniter\Database\MigrationRunner->ensureTable()
#5 D:\php-project\project_learning\vendor\codeigniter4\framework\system\Commands\Database\Migrate.php(128): CodeIgniter\Database\MigrationRunner->latest()
#6 D:\php-project\project_learning\vendor\codeigniter4\framework\system\CLI\Commands.php(100): CodeIgniter\Commands\Database\Migrate->run()
#7 D:\php-project\project_learning\vendor\codeigniter4\framework\system\CLI\CommandRunner.php(107): CodeIgniter\CLI\Commands->run()
#8 D:\php-project\project_learning\vendor\codeigniter4\framework\system\CLI\CommandRunner.php(85): CodeIgniter\CLI\CommandRunner->index()
#9 D:\php-project\project_learning\vendor\codeigniter4\framework\system\CodeIgniter.php(914): CodeIgniter\CLI\CommandRunner->_remap()
#10 D:\php-project\project_learning\vendor\codeigniter4\framework\system\CodeIgniter.php(404): CodeIgniter\CodeIgniter->runController()
#11 D:\php-project\project_learning\vendor\codeigniter4\framework\system\CodeIgniter.php(312): CodeIgniter\CodeIgniter->handleRequest()
#12 D:\php-project\project_learning\vendor\codeigniter4\framework\system\CLI\Console.php(86): CodeIgniter\CodeIgniter->run()
#13 D:\php-project\project_learning\spark(57): CodeIgniter\CLI\Console->run()
#14 {main}
CRITICAL - 2021-01-18 20:14:44 --> Unable to connect to the database.
#0 D:\php-project\project_learning\vendor\codeigniter4\framework\system\Database\BaseConnection.php(646): CodeIgniter\Database\BaseConnection->initialize()
#1 D:\php-project\project_learning\vendor\codeigniter4\framework\system\Database\BaseConnection.php(1548): CodeIgniter\Database\BaseConnection->query()
#2 D:\php-project\project_learning\vendor\codeigniter4\framework\system\Database\BaseConnection.php(1591): CodeIgniter\Database\BaseConnection->listTables()
#3 D:\php-project\project_learning\vendor\codeigniter4\framework\system\Database\MigrationRunner.php(945): CodeIgniter\Database\BaseConnection->tableExists()
#4 D:\php-project\project_learning\vendor\codeigniter4\framework\system\Database\MigrationRunner.php(193): CodeIgniter\Database\MigrationRunner->ensureTable()
#5 D:\php-project\project_learning\vendor\codeigniter4\framework\system\Commands\Database\Migrate.php(128): CodeIgniter\Database\MigrationRunner->latest()
#6 D:\php-project\project_learning\vendor\codeigniter4\framework\system\CLI\Commands.php(100): CodeIgniter\Commands\Database\Migrate->run()
#7 D:\php-project\project_learning\vendor\codeigniter4\framework\system\CLI\CommandRunner.php(107): CodeIgniter\CLI\Commands->run()
#8 D:\php-project\project_learning\vendor\codeigniter4\framework\system\CLI\CommandRunner.php(85): CodeIgniter\CLI\CommandRunner->index()
#9 D:\php-project\project_learning\vendor\codeigniter4\framework\system\CodeIgniter.php(914): CodeIgniter\CLI\CommandRunner->_remap()
#10 D:\php-project\project_learning\vendor\codeigniter4\framework\system\CodeIgniter.php(404): CodeIgniter\CodeIgniter->runController()
#11 D:\php-project\project_learning\vendor\codeigniter4\framework\system\CodeIgniter.php(312): CodeIgniter\CodeIgniter->handleRequest()
#12 D:\php-project\project_learning\vendor\codeigniter4\framework\system\CLI\Console.php(86): CodeIgniter\CodeIgniter->run()
#13 D:\php-project\project_learning\spark(57): CodeIgniter\CLI\Console->run()
#14 {main}
CRITICAL - 2021-01-18 20:24:59 --> Unable to connect to the database.
#0 D:\php-project\project_learning\vendor\codeigniter4\framework\system\Database\BaseConnection.php(646): CodeIgniter\Database\BaseConnection->initialize()
#1 D:\php-project\project_learning\vendor\codeigniter4\framework\system\Database\BaseConnection.php(1548): CodeIgniter\Database\BaseConnection->query()
#2 D:\php-project\project_learning\vendor\codeigniter4\framework\system\Database\BaseConnection.php(1591): CodeIgniter\Database\BaseConnection->listTables()
#3 D:\php-project\project_learning\vendor\codeigniter4\framework\system\Database\MigrationRunner.php(945): CodeIgniter\Database\BaseConnection->tableExists()
#4 D:\php-project\project_learning\vendor\codeigniter4\framework\system\Database\MigrationRunner.php(193): CodeIgniter\Database\MigrationRunner->ensureTable()
#5 D:\php-project\project_learning\vendor\codeigniter4\framework\system\Commands\Database\Migrate.php(128): CodeIgniter\Database\MigrationRunner->latest()
#6 D:\php-project\project_learning\vendor\codeigniter4\framework\system\CLI\Commands.php(100): CodeIgniter\Commands\Database\Migrate->run()
#7 D:\php-project\project_learning\vendor\codeigniter4\framework\system\CLI\CommandRunner.php(107): CodeIgniter\CLI\Commands->run()
#8 D:\php-project\project_learning\vendor\codeigniter4\framework\system\CLI\CommandRunner.php(85): CodeIgniter\CLI\CommandRunner->index()
#9 D:\php-project\project_learning\vendor\codeigniter4\framework\system\CodeIgniter.php(914): CodeIgniter\CLI\CommandRunner->_remap()
#10 D:\php-project\project_learning\vendor\codeigniter4\framework\system\CodeIgniter.php(404): CodeIgniter\CodeIgniter->runController()
#11 D:\php-project\project_learning\vendor\codeigniter4\framework\system\CodeIgniter.php(312): CodeIgniter\CodeIgniter->handleRequest()
#12 D:\php-project\project_learning\vendor\codeigniter4\framework\system\CLI\Console.php(86): CodeIgniter\CodeIgniter->run()
#13 D:\php-project\project_learning\spark(57): CodeIgniter\CLI\Console->run()
#14 {main}
CRITICAL - 2021-01-18 20:27:59 --> Unable to connect to the database.
#0 D:\php-project\project_learning\vendor\codeigniter4\framework\system\Database\BaseConnection.php(646): CodeIgniter\Database\BaseConnection->initialize()
#1 D:\php-project\project_learning\vendor\codeigniter4\framework\system\Database\BaseConnection.php(1548): CodeIgniter\Database\BaseConnection->query()
#2 D:\php-project\project_learning\vendor\codeigniter4\framework\system\Database\BaseConnection.php(1591): CodeIgniter\Database\BaseConnection->listTables()
#3 D:\php-project\project_learning\vendor\codeigniter4\framework\system\Database\MigrationRunner.php(945): CodeIgniter\Database\BaseConnection->tableExists()
#4 D:\php-project\project_learning\vendor\codeigniter4\framework\system\Database\MigrationRunner.php(193): CodeIgniter\Database\MigrationRunner->ensureTable()
#5 D:\php-project\project_learning\vendor\codeigniter4\framework\system\Commands\Database\Migrate.php(128): CodeIgniter\Database\MigrationRunner->latest()
#6 D:\php-project\project_learning\vendor\codeigniter4\framework\system\CLI\Commands.php(100): CodeIgniter\Commands\Database\Migrate->run()
#7 D:\php-project\project_learning\vendor\codeigniter4\framework\system\CLI\CommandRunner.php(107): CodeIgniter\CLI\Commands->run()
#8 D:\php-project\project_learning\vendor\codeigniter4\framework\system\CLI\CommandRunner.php(85): CodeIgniter\CLI\CommandRunner->index()
#9 D:\php-project\project_learning\vendor\codeigniter4\framework\system\CodeIgniter.php(914): CodeIgniter\CLI\CommandRunner->_remap()
#10 D:\php-project\project_learning\vendor\codeigniter4\framework\system\CodeIgniter.php(404): CodeIgniter\CodeIgniter->runController()
#11 D:\php-project\project_learning\vendor\codeigniter4\framework\system\CodeIgniter.php(312): CodeIgniter\CodeIgniter->handleRequest()
#12 D:\php-project\project_learning\vendor\codeigniter4\framework\system\CLI\Console.php(86): CodeIgniter\CodeIgniter->run()
#13 D:\php-project\project_learning\spark(57): CodeIgniter\CLI\Console->run()
#14 {main}
CRITICAL - 2021-01-18 20:28:27 --> Unable to connect to the database.
#0 D:\php-project\project_learning\vendor\codeigniter4\framework\system\Database\BaseConnection.php(646): CodeIgniter\Database\BaseConnection->initialize()
#1 D:\php-project\project_learning\vendor\codeigniter4\framework\system\Database\BaseConnection.php(1548): CodeIgniter\Database\BaseConnection->query()
#2 D:\php-project\project_learning\vendor\codeigniter4\framework\system\Database\BaseConnection.php(1591): CodeIgniter\Database\BaseConnection->listTables()
#3 D:\php-project\project_learning\vendor\codeigniter4\framework\system\Database\MigrationRunner.php(945): CodeIgniter\Database\BaseConnection->tableExists()
#4 D:\php-project\project_learning\vendor\codeigniter4\framework\system\Database\MigrationRunner.php(193): CodeIgniter\Database\MigrationRunner->ensureTable()
#5 D:\php-project\project_learning\vendor\codeigniter4\framework\system\Commands\Database\Migrate.php(128): CodeIgniter\Database\MigrationRunner->latest()
#6 D:\php-project\project_learning\vendor\codeigniter4\framework\system\CLI\Commands.php(100): CodeIgniter\Commands\Database\Migrate->run()
#7 D:\php-project\project_learning\vendor\codeigniter4\framework\system\CLI\CommandRunner.php(107): CodeIgniter\CLI\Commands->run()
#8 D:\php-project\project_learning\vendor\codeigniter4\framework\system\CLI\CommandRunner.php(85): CodeIgniter\CLI\CommandRunner->index()
#9 D:\php-project\project_learning\vendor\codeigniter4\framework\system\CodeIgniter.php(914): CodeIgniter\CLI\CommandRunner->_remap()
#10 D:\php-project\project_learning\vendor\codeigniter4\framework\system\CodeIgniter.php(404): CodeIgniter\CodeIgniter->runController()
#11 D:\php-project\project_learning\vendor\codeigniter4\framework\system\CodeIgniter.php(312): CodeIgniter\CodeIgniter->handleRequest()
#12 D:\php-project\project_learning\vendor\codeigniter4\framework\system\CLI\Console.php(86): CodeIgniter\CodeIgniter->run()
#13 D:\php-project\project_learning\spark(57): CodeIgniter\CLI\Console->run()
#14 {main}
CRITICAL - 2021-01-18 20:34:42 --> Unable to connect to the database.
#0 D:\php-project\project_learning\vendor\codeigniter4\framework\system\Database\BaseConnection.php(646): CodeIgniter\Database\BaseConnection->initialize()
#1 D:\php-project\project_learning\vendor\codeigniter4\framework\system\Database\BaseConnection.php(1548): CodeIgniter\Database\BaseConnection->query()
#2 D:\php-project\project_learning\vendor\codeigniter4\framework\system\Database\BaseConnection.php(1591): CodeIgniter\Database\BaseConnection->listTables()
#3 D:\php-project\project_learning\vendor\codeigniter4\framework\system\Database\MigrationRunner.php(945): CodeIgniter\Database\BaseConnection->tableExists()
#4 D:\php-project\project_learning\vendor\codeigniter4\framework\system\Database\MigrationRunner.php(193): CodeIgniter\Database\MigrationRunner->ensureTable()
#5 D:\php-project\project_learning\vendor\codeigniter4\framework\system\Commands\Database\Migrate.php(128): CodeIgniter\Database\MigrationRunner->latest()
#6 D:\php-project\project_learning\vendor\codeigniter4\framework\system\CLI\Commands.php(100): CodeIgniter\Commands\Database\Migrate->run()
#7 D:\php-project\project_learning\vendor\codeigniter4\framework\system\CLI\CommandRunner.php(107): CodeIgniter\CLI\Commands->run()
#8 D:\php-project\project_learning\vendor\codeigniter4\framework\system\CLI\CommandRunner.php(85): CodeIgniter\CLI\CommandRunner->index()
#9 D:\php-project\project_learning\vendor\codeigniter4\framework\system\CodeIgniter.php(914): CodeIgniter\CLI\CommandRunner->_remap()
#10 D:\php-project\project_learning\vendor\codeigniter4\framework\system\CodeIgniter.php(404): CodeIgniter\CodeIgniter->runController()
#11 D:\php-project\project_learning\vendor\codeigniter4\framework\system\CodeIgniter.php(312): CodeIgniter\CodeIgniter->handleRequest()
#12 D:\php-project\project_learning\vendor\codeigniter4\framework\system\CLI\Console.php(86): CodeIgniter\CodeIgniter->run()
#13 D:\php-project\project_learning\spark(57): CodeIgniter\CLI\Console->run()
#14 {main}
CRITICAL - 2021-01-18 20:37:19 --> Unable to connect to the database.
#0 D:\php-project\project_learning\vendor\codeigniter4\framework\system\Database\BaseConnection.php(646): CodeIgniter\Database\BaseConnection->initialize()
#1 D:\php-project\project_learning\vendor\codeigniter4\framework\system\Database\BaseConnection.php(1548): CodeIgniter\Database\BaseConnection->query()
#2 D:\php-project\project_learning\vendor\codeigniter4\framework\system\Database\BaseConnection.php(1591): CodeIgniter\Database\BaseConnection->listTables()
#3 D:\php-project\project_learning\vendor\codeigniter4\framework\system\Database\MigrationRunner.php(945): CodeIgniter\Database\BaseConnection->tableExists()
#4 D:\php-project\project_learning\vendor\codeigniter4\framework\system\Database\MigrationRunner.php(193): CodeIgniter\Database\MigrationRunner->ensureTable()
#5 D:\php-project\project_learning\vendor\codeigniter4\framework\system\Commands\Database\Migrate.php(128): CodeIgniter\Database\MigrationRunner->latest()
#6 D:\php-project\project_learning\vendor\codeigniter4\framework\system\CLI\Commands.php(100): CodeIgniter\Commands\Database\Migrate->run()
#7 D:\php-project\project_learning\vendor\codeigniter4\framework\system\CLI\CommandRunner.php(107): CodeIgniter\CLI\Commands->run()
#8 D:\php-project\project_learning\vendor\codeigniter4\framework\system\CLI\CommandRunner.php(85): CodeIgniter\CLI\CommandRunner->index()
#9 D:\php-project\project_learning\vendor\codeigniter4\framework\system\CodeIgniter.php(914): CodeIgniter\CLI\CommandRunner->_remap()
#10 D:\php-project\project_learning\vendor\codeigniter4\framework\system\CodeIgniter.php(404): CodeIgniter\CodeIgniter->runController()
#11 D:\php-project\project_learning\vendor\codeigniter4\framework\system\CodeIgniter.php(312): CodeIgniter\CodeIgniter->handleRequest()
#12 D:\php-project\project_learning\vendor\codeigniter4\framework\system\CLI\Console.php(86): CodeIgniter\CodeIgniter->run()
#13 D:\php-project\project_learning\spark(57): CodeIgniter\CLI\Console->run()
#14 {main}
CRITICAL - 2021-01-18 20:37:23 --> Unable to connect to the database.
#0 D:\php-project\project_learning\vendor\codeigniter4\framework\system\Database\BaseConnection.php(646): CodeIgniter\Database\BaseConnection->initialize()
#1 D:\php-project\project_learning\vendor\codeigniter4\framework\system\Database\BaseConnection.php(1548): CodeIgniter\Database\BaseConnection->query()
#2 D:\php-project\project_learning\vendor\codeigniter4\framework\system\Database\BaseConnection.php(1591): CodeIgniter\Database\BaseConnection->listTables()
#3 D:\php-project\project_learning\vendor\codeigniter4\framework\system\Database\MigrationRunner.php(945): CodeIgniter\Database\BaseConnection->tableExists()
#4 D:\php-project\project_learning\vendor\codeigniter4\framework\system\Database\MigrationRunner.php(193): CodeIgniter\Database\MigrationRunner->ensureTable()
#5 D:\php-project\project_learning\vendor\codeigniter4\framework\system\Commands\Database\Migrate.php(128): CodeIgniter\Database\MigrationRunner->latest()
#6 D:\php-project\project_learning\vendor\codeigniter4\framework\system\CLI\Commands.php(100): CodeIgniter\Commands\Database\Migrate->run()
#7 D:\php-project\project_learning\vendor\codeigniter4\framework\system\CLI\CommandRunner.php(107): CodeIgniter\CLI\Commands->run()
#8 D:\php-project\project_learning\vendor\codeigniter4\framework\system\CLI\CommandRunner.php(85): CodeIgniter\CLI\CommandRunner->index()
#9 D:\php-project\project_learning\vendor\codeigniter4\framework\system\CodeIgniter.php(914): CodeIgniter\CLI\CommandRunner->_remap()
#10 D:\php-project\project_learning\vendor\codeigniter4\framework\system\CodeIgniter.php(404): CodeIgniter\CodeIgniter->runController()
#11 D:\php-project\project_learning\vendor\codeigniter4\framework\system\CodeIgniter.php(312): CodeIgniter\CodeIgniter->handleRequest()
#12 D:\php-project\project_learning\vendor\codeigniter4\framework\system\CLI\Console.php(86): CodeIgniter\CodeIgniter->run()
#13 D:\php-project\project_learning\spark(57): CodeIgniter\CLI\Console->run()
#14 {main}
CRITICAL - 2021-01-18 20:46:45 --> Unable to connect to the database.
#0 D:\php-project\project_learning\vendor\codeigniter4\framework\system\Database\BaseConnection.php(646): CodeIgniter\Database\BaseConnection->initialize()
#1 D:\php-project\project_learning\vendor\codeigniter4\framework\system\Database\BaseConnection.php(1548): CodeIgniter\Database\BaseConnection->query()
#2 D:\php-project\project_learning\vendor\codeigniter4\framework\system\Database\BaseConnection.php(1591): CodeIgniter\Database\BaseConnection->listTables()
#3 D:\php-project\project_learning\vendor\codeigniter4\framework\system\Database\MigrationRunner.php(945): CodeIgniter\Database\BaseConnection->tableExists()
#4 D:\php-project\project_learning\vendor\codeigniter4\framework\system\Database\MigrationRunner.php(193): CodeIgniter\Database\MigrationRunner->ensureTable()
#5 D:\php-project\project_learning\vendor\codeigniter4\framework\system\Commands\Database\Migrate.php(128): CodeIgniter\Database\MigrationRunner->latest()
#6 D:\php-project\project_learning\vendor\codeigniter4\framework\system\CLI\Commands.php(100): CodeIgniter\Commands\Database\Migrate->run()
#7 D:\php-project\project_learning\vendor\codeigniter4\framework\system\CLI\CommandRunner.php(107): CodeIgniter\CLI\Commands->run()
#8 D:\php-project\project_learning\vendor\codeigniter4\framework\system\CLI\CommandRunner.php(85): CodeIgniter\CLI\CommandRunner->index()
#9 D:\php-project\project_learning\vendor\codeigniter4\framework\system\CodeIgniter.php(914): CodeIgniter\CLI\CommandRunner->_remap()
#10 D:\php-project\project_learning\vendor\codeigniter4\framework\system\CodeIgniter.php(404): CodeIgniter\CodeIgniter->runController()
#11 D:\php-project\project_learning\vendor\codeigniter4\framework\system\CodeIgniter.php(312): CodeIgniter\CodeIgniter->handleRequest()
#12 D:\php-project\project_learning\vendor\codeigniter4\framework\system\CLI\Console.php(86): CodeIgniter\CodeIgniter->run()
#13 D:\php-project\project_learning\spark(57): CodeIgniter\CLI\Console->run()
#14 {main}
CRITICAL - 2021-01-18 21:24:04 --> Unable to connect to the database.
#0 D:\php-project\project_learning\vendor\codeigniter4\framework\system\Database\BaseConnection.php(646): CodeIgniter\Database\BaseConnection->initialize()
#1 D:\php-project\project_learning\vendor\codeigniter4\framework\system\Database\BaseConnection.php(1548): CodeIgniter\Database\BaseConnection->query()
#2 D:\php-project\project_learning\vendor\codeigniter4\framework\system\Database\BaseConnection.php(1591): CodeIgniter\Database\BaseConnection->listTables()
#3 D:\php-project\project_learning\vendor\codeigniter4\framework\system\Database\MigrationRunner.php(945): CodeIgniter\Database\BaseConnection->tableExists()
#4 D:\php-project\project_learning\vendor\codeigniter4\framework\system\Database\MigrationRunner.php(193): CodeIgniter\Database\MigrationRunner->ensureTable()
#5 D:\php-project\project_learning\vendor\codeigniter4\framework\system\Commands\Database\Migrate.php(128): CodeIgniter\Database\MigrationRunner->latest()
#6 D:\php-project\project_learning\vendor\codeigniter4\framework\system\CLI\Commands.php(100): CodeIgniter\Commands\Database\Migrate->run()
#7 D:\php-project\project_learning\vendor\codeigniter4\framework\system\CLI\CommandRunner.php(107): CodeIgniter\CLI\Commands->run()
#8 D:\php-project\project_learning\vendor\codeigniter4\framework\system\CLI\CommandRunner.php(85): CodeIgniter\CLI\CommandRunner->index()
#9 D:\php-project\project_learning\vendor\codeigniter4\framework\system\CodeIgniter.php(914): CodeIgniter\CLI\CommandRunner->_remap()
#10 D:\php-project\project_learning\vendor\codeigniter4\framework\system\CodeIgniter.php(404): CodeIgniter\CodeIgniter->runController()
#11 D:\php-project\project_learning\vendor\codeigniter4\framework\system\CodeIgniter.php(312): CodeIgniter\CodeIgniter->handleRequest()
#12 D:\php-project\project_learning\vendor\codeigniter4\framework\system\CLI\Console.php(86): CodeIgniter\CodeIgniter->run()
#13 D:\php-project\project_learning\spark(57): CodeIgniter\CLI\Console->run()
#14 {main}
CRITICAL - 2021-01-18 21:36:57 --> Unable to connect to the database.
#0 D:\php-project\project_learning\vendor\codeigniter4\framework\system\Database\BaseConnection.php(646): CodeIgniter\Database\BaseConnection->initialize()
#1 D:\php-project\project_learning\vendor\codeigniter4\framework\system\Database\BaseConnection.php(1548): CodeIgniter\Database\BaseConnection->query()
#2 D:\php-project\project_learning\vendor\codeigniter4\framework\system\Database\BaseConnection.php(1591): CodeIgniter\Database\BaseConnection->listTables()
#3 D:\php-project\project_learning\vendor\codeigniter4\framework\system\Database\MigrationRunner.php(945): CodeIgniter\Database\BaseConnection->tableExists()
#4 D:\php-project\project_learning\vendor\codeigniter4\framework\system\Database\MigrationRunner.php(193): CodeIgniter\Database\MigrationRunner->ensureTable()
#5 D:\php-project\project_learning\vendor\codeigniter4\framework\system\Commands\Database\Migrate.php(128): CodeIgniter\Database\MigrationRunner->latest()
#6 D:\php-project\project_learning\vendor\codeigniter4\framework\system\CLI\Commands.php(100): CodeIgniter\Commands\Database\Migrate->run()
#7 D:\php-project\project_learning\vendor\codeigniter4\framework\system\CLI\CommandRunner.php(107): CodeIgniter\CLI\Commands->run()
#8 D:\php-project\project_learning\vendor\codeigniter4\framework\system\CLI\CommandRunner.php(85): CodeIgniter\CLI\CommandRunner->index()
#9 D:\php-project\project_learning\vendor\codeigniter4\framework\system\CodeIgniter.php(914): CodeIgniter\CLI\CommandRunner->_remap()
#10 D:\php-project\project_learning\vendor\codeigniter4\framework\system\CodeIgniter.php(404): CodeIgniter\CodeIgniter->runController()
#11 D:\php-project\project_learning\vendor\codeigniter4\framework\system\CodeIgniter.php(312): CodeIgniter\CodeIgniter->handleRequest()
#12 D:\php-project\project_learning\vendor\codeigniter4\framework\system\CLI\Console.php(86): CodeIgniter\CodeIgniter->run()
#13 D:\php-project\project_learning\spark(57): CodeIgniter\CLI\Console->run()
#14 {main}
CRITICAL - 2021-01-18 21:37:27 --> Unable to connect to the database.
#0 D:\php-project\project_learning\vendor\codeigniter4\framework\system\Database\BaseConnection.php(646): CodeIgniter\Database\BaseConnection->initialize()
#1 D:\php-project\project_learning\vendor\codeigniter4\framework\system\Database\BaseConnection.php(1548): CodeIgniter\Database\BaseConnection->query()
#2 D:\php-project\project_learning\vendor\codeigniter4\framework\system\Database\BaseConnection.php(1591): CodeIgniter\Database\BaseConnection->listTables()
#3 D:\php-project\project_learning\vendor\codeigniter4\framework\system\Database\MigrationRunner.php(945): CodeIgniter\Database\BaseConnection->tableExists()
#4 D:\php-project\project_learning\vendor\codeigniter4\framework\system\Database\MigrationRunner.php(193): CodeIgniter\Database\MigrationRunner->ensureTable()
#5 D:\php-project\project_learning\vendor\codeigniter4\framework\system\Commands\Database\Migrate.php(128): CodeIgniter\Database\MigrationRunner->latest()
#6 D:\php-project\project_learning\vendor\codeigniter4\framework\system\CLI\Commands.php(100): CodeIgniter\Commands\Database\Migrate->run()
#7 D:\php-project\project_learning\vendor\codeigniter4\framework\system\CLI\CommandRunner.php(107): CodeIgniter\CLI\Commands->run()
#8 D:\php-project\project_learning\vendor\codeigniter4\framework\system\CLI\CommandRunner.php(85): CodeIgniter\CLI\CommandRunner->index()
#9 D:\php-project\project_learning\vendor\codeigniter4\framework\system\CodeIgniter.php(914): CodeIgniter\CLI\CommandRunner->_remap()
#10 D:\php-project\project_learning\vendor\codeigniter4\framework\system\CodeIgniter.php(404): CodeIgniter\CodeIgniter->runController()
#11 D:\php-project\project_learning\vendor\codeigniter4\framework\system\CodeIgniter.php(312): CodeIgniter\CodeIgniter->handleRequest()
#12 D:\php-project\project_learning\vendor\codeigniter4\framework\system\CLI\Console.php(86): CodeIgniter\CodeIgniter->run()
#13 D:\php-project\project_learning\spark(57): CodeIgniter\CLI\Console->run()
#14 {main}
CRITICAL - 2021-01-18 21:41:09 --> Unable to connect to the database.
#0 D:\php-project\project_learning\vendor\codeigniter4\framework\system\Database\BaseConnection.php(646): CodeIgniter\Database\BaseConnection->initialize()
#1 D:\php-project\project_learning\vendor\codeigniter4\framework\system\Database\BaseConnection.php(1548): CodeIgniter\Database\BaseConnection->query()
#2 D:\php-project\project_learning\vendor\codeigniter4\framework\system\Database\BaseConnection.php(1591): CodeIgniter\Database\BaseConnection->listTables()
#3 D:\php-project\project_learning\vendor\codeigniter4\framework\system\Database\MigrationRunner.php(945): CodeIgniter\Database\BaseConnection->tableExists()
#4 D:\php-project\project_learning\vendor\codeigniter4\framework\system\Database\MigrationRunner.php(193): CodeIgniter\Database\MigrationRunner->ensureTable()
#5 D:\php-project\project_learning\vendor\codeigniter4\framework\system\Commands\Database\Migrate.php(128): CodeIgniter\Database\MigrationRunner->latest()
#6 D:\php-project\project_learning\vendor\codeigniter4\framework\system\CLI\Commands.php(100): CodeIgniter\Commands\Database\Migrate->run()
#7 D:\php-project\project_learning\vendor\codeigniter4\framework\system\CLI\CommandRunner.php(107): CodeIgniter\CLI\Commands->run()
#8 D:\php-project\project_learning\vendor\codeigniter4\framework\system\CLI\CommandRunner.php(85): CodeIgniter\CLI\CommandRunner->index()
#9 D:\php-project\project_learning\vendor\codeigniter4\framework\system\CodeIgniter.php(914): CodeIgniter\CLI\CommandRunner->_remap()
#10 D:\php-project\project_learning\vendor\codeigniter4\framework\system\CodeIgniter.php(404): CodeIgniter\CodeIgniter->runController()
#11 D:\php-project\project_learning\vendor\codeigniter4\framework\system\CodeIgniter.php(312): CodeIgniter\CodeIgniter->handleRequest()
#12 D:\php-project\project_learning\vendor\codeigniter4\framework\system\CLI\Console.php(86): CodeIgniter\CodeIgniter->run()
#13 D:\php-project\project_learning\spark(57): CodeIgniter\CLI\Console->run()
#14 {main}
CRITICAL - 2021-01-18 21:47:14 --> Unable to connect to the database.
#0 D:\php-project\project_learning\vendor\codeigniter4\framework\system\Database\BaseConnection.php(646): CodeIgniter\Database\BaseConnection->initialize()
#1 D:\php-project\project_learning\vendor\codeigniter4\framework\system\Database\BaseConnection.php(1548): CodeIgniter\Database\BaseConnection->query()
#2 D:\php-project\project_learning\vendor\codeigniter4\framework\system\Database\BaseConnection.php(1591): CodeIgniter\Database\BaseConnection->listTables()
#3 D:\php-project\project_learning\vendor\codeigniter4\framework\system\Database\MigrationRunner.php(945): CodeIgniter\Database\BaseConnection->tableExists()
#4 D:\php-project\project_learning\vendor\codeigniter4\framework\system\Database\MigrationRunner.php(193): CodeIgniter\Database\MigrationRunner->ensureTable()
#5 D:\php-project\project_learning\vendor\codeigniter4\framework\system\Commands\Database\Migrate.php(128): CodeIgniter\Database\MigrationRunner->latest()
#6 D:\php-project\project_learning\vendor\codeigniter4\framework\system\CLI\Commands.php(100): CodeIgniter\Commands\Database\Migrate->run()
#7 D:\php-project\project_learning\vendor\codeigniter4\framework\system\CLI\CommandRunner.php(107): CodeIgniter\CLI\Commands->run()
#8 D:\php-project\project_learning\vendor\codeigniter4\framework\system\CLI\CommandRunner.php(85): CodeIgniter\CLI\CommandRunner->index()
#9 D:\php-project\project_learning\vendor\codeigniter4\framework\system\CodeIgniter.php(914): CodeIgniter\CLI\CommandRunner->_remap()
#10 D:\php-project\project_learning\vendor\codeigniter4\framework\system\CodeIgniter.php(404): CodeIgniter\CodeIgniter->runController()
#11 D:\php-project\project_learning\vendor\codeigniter4\framework\system\CodeIgniter.php(312): CodeIgniter\CodeIgniter->handleRequest()
#12 D:\php-project\project_learning\vendor\codeigniter4\framework\system\CLI\Console.php(86): CodeIgniter\CodeIgniter->run()
#13 D:\php-project\project_learning\spark(57): CodeIgniter\CLI\Console->run()
#14 {main}
CRITICAL - 2021-01-18 21:47:21 --> Unable to connect to the database.
#0 D:\php-project\project_learning\vendor\codeigniter4\framework\system\Database\BaseConnection.php(646): CodeIgniter\Database\BaseConnection->initialize()
#1 D:\php-project\project_learning\vendor\codeigniter4\framework\system\Database\BaseConnection.php(1548): CodeIgniter\Database\BaseConnection->query()
#2 D:\php-project\project_learning\vendor\codeigniter4\framework\system\Database\BaseConnection.php(1591): CodeIgniter\Database\BaseConnection->listTables()
#3 D:\php-project\project_learning\vendor\codeigniter4\framework\system\Database\MigrationRunner.php(945): CodeIgniter\Database\BaseConnection->tableExists()
#4 D:\php-project\project_learning\vendor\codeigniter4\framework\system\Database\MigrationRunner.php(193): CodeIgniter\Database\MigrationRunner->ensureTable()
#5 D:\php-project\project_learning\vendor\codeigniter4\framework\system\Commands\Database\Migrate.php(128): CodeIgniter\Database\MigrationRunner->latest()
#6 D:\php-project\project_learning\vendor\codeigniter4\framework\system\CLI\Commands.php(100): CodeIgniter\Commands\Database\Migrate->run()
#7 D:\php-project\project_learning\vendor\codeigniter4\framework\system\CLI\CommandRunner.php(107): CodeIgniter\CLI\Commands->run()
#8 D:\php-project\project_learning\vendor\codeigniter4\framework\system\CLI\CommandRunner.php(85): CodeIgniter\CLI\CommandRunner->index()
#9 D:\php-project\project_learning\vendor\codeigniter4\framework\system\CodeIgniter.php(914): CodeIgniter\CLI\CommandRunner->_remap()
#10 D:\php-project\project_learning\vendor\codeigniter4\framework\system\CodeIgniter.php(404): CodeIgniter\CodeIgniter->runController()
#11 D:\php-project\project_learning\vendor\codeigniter4\framework\system\CodeIgniter.php(312): CodeIgniter\CodeIgniter->handleRequest()
#12 D:\php-project\project_learning\vendor\codeigniter4\framework\system\CLI\Console.php(86): CodeIgniter\CodeIgniter->run()
#13 D:\php-project\project_learning\spark(57): CodeIgniter\CLI\Console->run()
#14 {main}
CRITICAL - 2021-01-18 21:47:32 --> Unable to connect to the database.
#0 D:\php-project\project_learning\vendor\codeigniter4\framework\system\Database\BaseConnection.php(646): CodeIgniter\Database\BaseConnection->initialize()
#1 D:\php-project\project_learning\vendor\codeigniter4\framework\system\Database\BaseConnection.php(1548): CodeIgniter\Database\BaseConnection->query()
#2 D:\php-project\project_learning\vendor\codeigniter4\framework\system\Database\BaseConnection.php(1591): CodeIgniter\Database\BaseConnection->listTables()
#3 D:\php-project\project_learning\vendor\codeigniter4\framework\system\Database\MigrationRunner.php(945): CodeIgniter\Database\BaseConnection->tableExists()
#4 D:\php-project\project_learning\vendor\codeigniter4\framework\system\Database\MigrationRunner.php(193): CodeIgniter\Database\MigrationRunner->ensureTable()
#5 D:\php-project\project_learning\vendor\codeigniter4\framework\system\Commands\Database\Migrate.php(128): CodeIgniter\Database\MigrationRunner->latest()
#6 D:\php-project\project_learning\vendor\codeigniter4\framework\system\CLI\Commands.php(100): CodeIgniter\Commands\Database\Migrate->run()
#7 D:\php-project\project_learning\vendor\codeigniter4\framework\system\CLI\CommandRunner.php(107): CodeIgniter\CLI\Commands->run()
#8 D:\php-project\project_learning\vendor\codeigniter4\framework\system\CLI\CommandRunner.php(85): CodeIgniter\CLI\CommandRunner->index()
#9 D:\php-project\project_learning\vendor\codeigniter4\framework\system\CodeIgniter.php(914): CodeIgniter\CLI\CommandRunner->_remap()
#10 D:\php-project\project_learning\vendor\codeigniter4\framework\system\CodeIgniter.php(404): CodeIgniter\CodeIgniter->runController()
#11 D:\php-project\project_learning\vendor\codeigniter4\framework\system\CodeIgniter.php(312): CodeIgniter\CodeIgniter->handleRequest()
#12 D:\php-project\project_learning\vendor\codeigniter4\framework\system\CLI\Console.php(86): CodeIgniter\CodeIgniter->run()
#13 D:\php-project\project_learning\spark(57): CodeIgniter\CLI\Console->run()
#14 {main}
CRITICAL - 2021-01-18 21:48:03 --> Unable to connect to the database.
#0 D:\php-project\project_learning\vendor\codeigniter4\framework\system\Database\BaseConnection.php(646): CodeIgniter\Database\BaseConnection->initialize()
#1 D:\php-project\project_learning\vendor\codeigniter4\framework\system\Database\BaseConnection.php(1548): CodeIgniter\Database\BaseConnection->query()
#2 D:\php-project\project_learning\vendor\codeigniter4\framework\system\Database\BaseConnection.php(1591): CodeIgniter\Database\BaseConnection->listTables()
#3 D:\php-project\project_learning\vendor\codeigniter4\framework\system\Database\MigrationRunner.php(945): CodeIgniter\Database\BaseConnection->tableExists()
#4 D:\php-project\project_learning\vendor\codeigniter4\framework\system\Database\MigrationRunner.php(193): CodeIgniter\Database\MigrationRunner->ensureTable()
#5 D:\php-project\project_learning\vendor\codeigniter4\framework\system\Commands\Database\Migrate.php(128): CodeIgniter\Database\MigrationRunner->latest()
#6 D:\php-project\project_learning\vendor\codeigniter4\framework\system\CLI\Commands.php(100): CodeIgniter\Commands\Database\Migrate->run()
#7 D:\php-project\project_learning\vendor\codeigniter4\framework\system\CLI\CommandRunner.php(107): CodeIgniter\CLI\Commands->run()
#8 D:\php-project\project_learning\vendor\codeigniter4\framework\system\CLI\CommandRunner.php(85): CodeIgniter\CLI\CommandRunner->index()
#9 D:\php-project\project_learning\vendor\codeigniter4\framework\system\CodeIgniter.php(914): CodeIgniter\CLI\CommandRunner->_remap()
#10 D:\php-project\project_learning\vendor\codeigniter4\framework\system\CodeIgniter.php(404): CodeIgniter\CodeIgniter->runController()
#11 D:\php-project\project_learning\vendor\codeigniter4\framework\system\CodeIgniter.php(312): CodeIgniter\CodeIgniter->handleRequest()
#12 D:\php-project\project_learning\vendor\codeigniter4\framework\system\CLI\Console.php(86): CodeIgniter\CodeIgniter->run()
#13 D:\php-project\project_learning\spark(57): CodeIgniter\CLI\Console->run()
#14 {main}
CRITICAL - 2021-01-18 21:51:20 --> Unable to connect to the database.
#0 D:\php-project\project_learning\vendor\codeigniter4\framework\system\Database\BaseConnection.php(646): CodeIgniter\Database\BaseConnection->initialize()
#1 D:\php-project\project_learning\vendor\codeigniter4\framework\system\Database\BaseConnection.php(1548): CodeIgniter\Database\BaseConnection->query()
#2 D:\php-project\project_learning\vendor\codeigniter4\framework\system\Database\BaseConnection.php(1591): CodeIgniter\Database\BaseConnection->listTables()
#3 D:\php-project\project_learning\vendor\codeigniter4\framework\system\Database\MigrationRunner.php(945): CodeIgniter\Database\BaseConnection->tableExists()
#4 D:\php-project\project_learning\vendor\codeigniter4\framework\system\Database\MigrationRunner.php(193): CodeIgniter\Database\MigrationRunner->ensureTable()
#5 D:\php-project\project_learning\vendor\codeigniter4\framework\system\Commands\Database\Migrate.php(128): CodeIgniter\Database\MigrationRunner->latest()
#6 D:\php-project\project_learning\vendor\codeigniter4\framework\system\CLI\Commands.php(100): CodeIgniter\Commands\Database\Migrate->run()
#7 D:\php-project\project_learning\vendor\codeigniter4\framework\system\CLI\CommandRunner.php(107): CodeIgniter\CLI\Commands->run()
#8 D:\php-project\project_learning\vendor\codeigniter4\framework\system\CLI\CommandRunner.php(85): CodeIgniter\CLI\CommandRunner->index()
#9 D:\php-project\project_learning\vendor\codeigniter4\framework\system\CodeIgniter.php(914): CodeIgniter\CLI\CommandRunner->_remap()
#10 D:\php-project\project_learning\vendor\codeigniter4\framework\system\CodeIgniter.php(404): CodeIgniter\CodeIgniter->runController()
#11 D:\php-project\project_learning\vendor\codeigniter4\framework\system\CodeIgniter.php(312): CodeIgniter\CodeIgniter->handleRequest()
#12 D:\php-project\project_learning\vendor\codeigniter4\framework\system\CLI\Console.php(86): CodeIgniter\CodeIgniter->run()
#13 D:\php-project\project_learning\spark(57): CodeIgniter\CLI\Console->run()
#14 {main}
CRITICAL - 2021-01-18 21:52:05 --> Unable to connect to the database.
#0 D:\php-project\project_learning\vendor\codeigniter4\framework\system\Database\BaseConnection.php(646): CodeIgniter\Database\BaseConnection->initialize()
#1 D:\php-project\project_learning\vendor\codeigniter4\framework\system\Database\BaseConnection.php(1548): CodeIgniter\Database\BaseConnection->query()
#2 D:\php-project\project_learning\vendor\codeigniter4\framework\system\Database\BaseConnection.php(1591): CodeIgniter\Database\BaseConnection->listTables()
#3 D:\php-project\project_learning\vendor\codeigniter4\framework\system\Database\MigrationRunner.php(945): CodeIgniter\Database\BaseConnection->tableExists()
#4 D:\php-project\project_learning\vendor\codeigniter4\framework\system\Database\MigrationRunner.php(193): CodeIgniter\Database\MigrationRunner->ensureTable()
#5 D:\php-project\project_learning\vendor\codeigniter4\framework\system\Commands\Database\Migrate.php(128): CodeIgniter\Database\MigrationRunner->latest()
#6 D:\php-project\project_learning\vendor\codeigniter4\framework\system\CLI\Commands.php(100): CodeIgniter\Commands\Database\Migrate->run()
#7 D:\php-project\project_learning\vendor\codeigniter4\framework\system\CLI\CommandRunner.php(107): CodeIgniter\CLI\Commands->run()
#8 D:\php-project\project_learning\vendor\codeigniter4\framework\system\CLI\CommandRunner.php(85): CodeIgniter\CLI\CommandRunner->index()
#9 D:\php-project\project_learning\vendor\codeigniter4\framework\system\CodeIgniter.php(914): CodeIgniter\CLI\CommandRunner->_remap()
#10 D:\php-project\project_learning\vendor\codeigniter4\framework\system\CodeIgniter.php(404): CodeIgniter\CodeIgniter->runController()
#11 D:\php-project\project_learning\vendor\codeigniter4\framework\system\CodeIgniter.php(312): CodeIgniter\CodeIgniter->handleRequest()
#12 D:\php-project\project_learning\vendor\codeigniter4\framework\system\CLI\Console.php(86): CodeIgniter\CodeIgniter->run()
#13 D:\php-project\project_learning\spark(57): CodeIgniter\CLI\Console->run()
#14 {main}
CRITICAL - 2021-01-18 21:52:45 --> Unable to connect to the database.
#0 D:\php-project\project_learning\vendor\codeigniter4\framework\system\Database\BaseConnection.php(646): CodeIgniter\Database\BaseConnection->initialize()
#1 D:\php-project\project_learning\vendor\codeigniter4\framework\system\Database\BaseConnection.php(1548): CodeIgniter\Database\BaseConnection->query()
#2 D:\php-project\project_learning\vendor\codeigniter4\framework\system\Database\BaseConnection.php(1591): CodeIgniter\Database\BaseConnection->listTables()
#3 D:\php-project\project_learning\vendor\codeigniter4\framework\system\Database\MigrationRunner.php(945): CodeIgniter\Database\BaseConnection->tableExists()
#4 D:\php-project\project_learning\vendor\codeigniter4\framework\system\Database\MigrationRunner.php(193): CodeIgniter\Database\MigrationRunner->ensureTable()
#5 D:\php-project\project_learning\vendor\codeigniter4\framework\system\Commands\Database\Migrate.php(128): CodeIgniter\Database\MigrationRunner->latest()
#6 D:\php-project\project_learning\vendor\codeigniter4\framework\system\CLI\Commands.php(100): CodeIgniter\Commands\Database\Migrate->run()
#7 D:\php-project\project_learning\vendor\codeigniter4\framework\system\CLI\CommandRunner.php(107): CodeIgniter\CLI\Commands->run()
#8 D:\php-project\project_learning\vendor\codeigniter4\framework\system\CLI\CommandRunner.php(85): CodeIgniter\CLI\CommandRunner->index()
#9 D:\php-project\project_learning\vendor\codeigniter4\framework\system\CodeIgniter.php(914): CodeIgniter\CLI\CommandRunner->_remap()
#10 D:\php-project\project_learning\vendor\codeigniter4\framework\system\CodeIgniter.php(404): CodeIgniter\CodeIgniter->runController()
#11 D:\php-project\project_learning\vendor\codeigniter4\framework\system\CodeIgniter.php(312): CodeIgniter\CodeIgniter->handleRequest()
#12 D:\php-project\project_learning\vendor\codeigniter4\framework\system\CLI\Console.php(86): CodeIgniter\CodeIgniter->run()
#13 D:\php-project\project_learning\spark(57): CodeIgniter\CLI\Console->run()
#14 {main}
CRITICAL - 2021-01-18 21:55:44 --> Unable to connect to the database.
#0 D:\php-project\project_learning\vendor\codeigniter4\framework\system\Database\BaseConnection.php(646): CodeIgniter\Database\BaseConnection->initialize()
#1 D:\php-project\project_learning\vendor\codeigniter4\framework\system\Database\BaseConnection.php(1548): CodeIgniter\Database\BaseConnection->query()
#2 D:\php-project\project_learning\vendor\codeigniter4\framework\system\Database\BaseConnection.php(1591): CodeIgniter\Database\BaseConnection->listTables()
#3 D:\php-project\project_learning\vendor\codeigniter4\framework\system\Database\MigrationRunner.php(945): CodeIgniter\Database\BaseConnection->tableExists()
#4 D:\php-project\project_learning\vendor\codeigniter4\framework\system\Database\MigrationRunner.php(193): CodeIgniter\Database\MigrationRunner->ensureTable()
#5 D:\php-project\project_learning\vendor\codeigniter4\framework\system\Commands\Database\Migrate.php(128): CodeIgniter\Database\MigrationRunner->latest()
#6 D:\php-project\project_learning\vendor\codeigniter4\framework\system\CLI\Commands.php(100): CodeIgniter\Commands\Database\Migrate->run()
#7 D:\php-project\project_learning\vendor\codeigniter4\framework\system\CLI\CommandRunner.php(107): CodeIgniter\CLI\Commands->run()
#8 D:\php-project\project_learning\vendor\codeigniter4\framework\system\CLI\CommandRunner.php(85): CodeIgniter\CLI\CommandRunner->index()
#9 D:\php-project\project_learning\vendor\codeigniter4\framework\system\CodeIgniter.php(914): CodeIgniter\CLI\CommandRunner->_remap()
#10 D:\php-project\project_learning\vendor\codeigniter4\framework\system\CodeIgniter.php(404): CodeIgniter\CodeIgniter->runController()
#11 D:\php-project\project_learning\vendor\codeigniter4\framework\system\CodeIgniter.php(312): CodeIgniter\CodeIgniter->handleRequest()
#12 D:\php-project\project_learning\vendor\codeigniter4\framework\system\CLI\Console.php(86): CodeIgniter\CodeIgniter->run()
#13 D:\php-project\project_learning\spark(57): CodeIgniter\CLI\Console->run()
#14 {main}
CRITICAL - 2021-01-18 21:56:06 --> Unable to connect to the database.
#0 D:\php-project\project_learning\vendor\codeigniter4\framework\system\Database\BaseConnection.php(646): CodeIgniter\Database\BaseConnection->initialize()
#1 D:\php-project\project_learning\vendor\codeigniter4\framework\system\Database\BaseConnection.php(1548): CodeIgniter\Database\BaseConnection->query()
#2 D:\php-project\project_learning\vendor\codeigniter4\framework\system\Database\BaseConnection.php(1591): CodeIgniter\Database\BaseConnection->listTables()
#3 D:\php-project\project_learning\vendor\codeigniter4\framework\system\Database\MigrationRunner.php(945): CodeIgniter\Database\BaseConnection->tableExists()
#4 D:\php-project\project_learning\vendor\codeigniter4\framework\system\Database\MigrationRunner.php(193): CodeIgniter\Database\MigrationRunner->ensureTable()
#5 D:\php-project\project_learning\vendor\codeigniter4\framework\system\Commands\Database\Migrate.php(128): CodeIgniter\Database\MigrationRunner->latest()
#6 D:\php-project\project_learning\vendor\codeigniter4\framework\system\CLI\Commands.php(100): CodeIgniter\Commands\Database\Migrate->run()
#7 D:\php-project\project_learning\vendor\codeigniter4\framework\system\CLI\CommandRunner.php(107): CodeIgniter\CLI\Commands->run()
#8 D:\php-project\project_learning\vendor\codeigniter4\framework\system\CLI\CommandRunner.php(85): CodeIgniter\CLI\CommandRunner->index()
#9 D:\php-project\project_learning\vendor\codeigniter4\framework\system\CodeIgniter.php(914): CodeIgniter\CLI\CommandRunner->_remap()
#10 D:\php-project\project_learning\vendor\codeigniter4\framework\system\CodeIgniter.php(404): CodeIgniter\CodeIgniter->runController()
#11 D:\php-project\project_learning\vendor\codeigniter4\framework\system\CodeIgniter.php(312): CodeIgniter\CodeIgniter->handleRequest()
#12 D:\php-project\project_learning\vendor\codeigniter4\framework\system\CLI\Console.php(86): CodeIgniter\CodeIgniter->run()
#13 D:\php-project\project_learning\spark(57): CodeIgniter\CLI\Console->run()
#14 {main}
CRITICAL - 2021-01-18 22:02:37 --> Unable to connect to the database.
#0 D:\php-project\project_learning\vendor\codeigniter4\framework\system\Database\BaseConnection.php(646): CodeIgniter\Database\BaseConnection->initialize()
#1 D:\php-project\project_learning\vendor\codeigniter4\framework\system\Database\BaseConnection.php(1548): CodeIgniter\Database\BaseConnection->query()
#2 D:\php-project\project_learning\vendor\codeigniter4\framework\system\Database\BaseConnection.php(1591): CodeIgniter\Database\BaseConnection->listTables()
#3 D:\php-project\project_learning\vendor\codeigniter4\framework\system\Database\MigrationRunner.php(945): CodeIgniter\Database\BaseConnection->tableExists()
#4 D:\php-project\project_learning\vendor\codeigniter4\framework\system\Database\MigrationRunner.php(193): CodeIgniter\Database\MigrationRunner->ensureTable()
#5 D:\php-project\project_learning\vendor\codeigniter4\framework\system\Commands\Database\Migrate.php(128): CodeIgniter\Database\MigrationRunner->latest()
#6 D:\php-project\project_learning\vendor\codeigniter4\framework\system\CLI\Commands.php(100): CodeIgniter\Commands\Database\Migrate->run()
#7 D:\php-project\project_learning\vendor\codeigniter4\framework\system\CLI\CommandRunner.php(107): CodeIgniter\CLI\Commands->run()
#8 D:\php-project\project_learning\vendor\codeigniter4\framework\system\CLI\CommandRunner.php(85): CodeIgniter\CLI\CommandRunner->index()
#9 D:\php-project\project_learning\vendor\codeigniter4\framework\system\CodeIgniter.php(914): CodeIgniter\CLI\CommandRunner->_remap()
#10 D:\php-project\project_learning\vendor\codeigniter4\framework\system\CodeIgniter.php(404): CodeIgniter\CodeIgniter->runController()
#11 D:\php-project\project_learning\vendor\codeigniter4\framework\system\CodeIgniter.php(312): CodeIgniter\CodeIgniter->handleRequest()
#12 D:\php-project\project_learning\vendor\codeigniter4\framework\system\CLI\Console.php(86): CodeIgniter\CodeIgniter->run()
#13 D:\php-project\project_learning\spark(57): CodeIgniter\CLI\Console->run()
#14 {main}
CRITICAL - 2021-01-18 22:06:37 --> Unable to connect to the database.
#0 D:\php-project\project_learning\vendor\codeigniter4\framework\system\Database\BaseConnection.php(646): CodeIgniter\Database\BaseConnection->initialize()
#1 D:\php-project\project_learning\vendor\codeigniter4\framework\system\Database\BaseConnection.php(1548): CodeIgniter\Database\BaseConnection->query()
#2 D:\php-project\project_learning\vendor\codeigniter4\framework\system\Database\BaseConnection.php(1591): CodeIgniter\Database\BaseConnection->listTables()
#3 D:\php-project\project_learning\vendor\codeigniter4\framework\system\Database\MigrationRunner.php(945): CodeIgniter\Database\BaseConnection->tableExists()
#4 D:\php-project\project_learning\vendor\codeigniter4\framework\system\Database\MigrationRunner.php(193): CodeIgniter\Database\MigrationRunner->ensureTable()
#5 D:\php-project\project_learning\vendor\codeigniter4\framework\system\Commands\Database\Migrate.php(128): CodeIgniter\Database\MigrationRunner->latest()
#6 D:\php-project\project_learning\vendor\codeigniter4\framework\system\CLI\Commands.php(100): CodeIgniter\Commands\Database\Migrate->run()
#7 D:\php-project\project_learning\vendor\codeigniter4\framework\system\CLI\CommandRunner.php(107): CodeIgniter\CLI\Commands->run()
#8 D:\php-project\project_learning\vendor\codeigniter4\framework\system\CLI\CommandRunner.php(85): CodeIgniter\CLI\CommandRunner->index()
#9 D:\php-project\project_learning\vendor\codeigniter4\framework\system\CodeIgniter.php(914): CodeIgniter\CLI\CommandRunner->_remap()
#10 D:\php-project\project_learning\vendor\codeigniter4\framework\system\CodeIgniter.php(404): CodeIgniter\CodeIgniter->runController()
#11 D:\php-project\project_learning\vendor\codeigniter4\framework\system\CodeIgniter.php(312): CodeIgniter\CodeIgniter->handleRequest()
#12 D:\php-project\project_learning\vendor\codeigniter4\framework\system\CLI\Console.php(86): CodeIgniter\CodeIgniter->run()
#13 D:\php-project\project_learning\spark(57): CodeIgniter\CLI\Console->run()
#14 {main}
CRITICAL - 2021-01-18 22:07:12 --> Unable to connect to the database.
#0 D:\php-project\project_learning\vendor\codeigniter4\framework\system\Database\BaseConnection.php(646): CodeIgniter\Database\BaseConnection->initialize()
#1 D:\php-project\project_learning\vendor\codeigniter4\framework\system\Database\BaseConnection.php(1548): CodeIgniter\Database\BaseConnection->query()
#2 D:\php-project\project_learning\vendor\codeigniter4\framework\system\Database\BaseConnection.php(1591): CodeIgniter\Database\BaseConnection->listTables()
#3 D:\php-project\project_learning\vendor\codeigniter4\framework\system\Database\MigrationRunner.php(945): CodeIgniter\Database\BaseConnection->tableExists()
#4 D:\php-project\project_learning\vendor\codeigniter4\framework\system\Database\MigrationRunner.php(193): CodeIgniter\Database\MigrationRunner->ensureTable()
#5 D:\php-project\project_learning\vendor\codeigniter4\framework\system\Commands\Database\Migrate.php(128): CodeIgniter\Database\MigrationRunner->latest()
#6 D:\php-project\project_learning\vendor\codeigniter4\framework\system\CLI\Commands.php(100): CodeIgniter\Commands\Database\Migrate->run()
#7 D:\php-project\project_learning\vendor\codeigniter4\framework\system\CLI\CommandRunner.php(107): CodeIgniter\CLI\Commands->run()
#8 D:\php-project\project_learning\vendor\codeigniter4\framework\system\CLI\CommandRunner.php(85): CodeIgniter\CLI\CommandRunner->index()
#9 D:\php-project\project_learning\vendor\codeigniter4\framework\system\CodeIgniter.php(914): CodeIgniter\CLI\CommandRunner->_remap()
#10 D:\php-project\project_learning\vendor\codeigniter4\framework\system\CodeIgniter.php(404): CodeIgniter\CodeIgniter->runController()
#11 D:\php-project\project_learning\vendor\codeigniter4\framework\system\CodeIgniter.php(312): CodeIgniter\CodeIgniter->handleRequest()
#12 D:\php-project\project_learning\vendor\codeigniter4\framework\system\CLI\Console.php(86): CodeIgniter\CodeIgniter->run()
#13 D:\php-project\project_learning\spark(57): CodeIgniter\CLI\Console->run()
#14 {main}
CRITICAL - 2021-01-18 22:07:17 --> Unable to connect to the database.
#0 D:\php-project\project_learning\vendor\codeigniter4\framework\system\Database\BaseConnection.php(646): CodeIgniter\Database\BaseConnection->initialize()
#1 D:\php-project\project_learning\vendor\codeigniter4\framework\system\Database\BaseConnection.php(1548): CodeIgniter\Database\BaseConnection->query()
#2 D:\php-project\project_learning\vendor\codeigniter4\framework\system\Database\BaseConnection.php(1591): CodeIgniter\Database\BaseConnection->listTables()
#3 D:\php-project\project_learning\vendor\codeigniter4\framework\system\Database\MigrationRunner.php(945): CodeIgniter\Database\BaseConnection->tableExists()
#4 D:\php-project\project_learning\vendor\codeigniter4\framework\system\Database\MigrationRunner.php(193): CodeIgniter\Database\MigrationRunner->ensureTable()
#5 D:\php-project\project_learning\vendor\codeigniter4\framework\system\Commands\Database\Migrate.php(128): CodeIgniter\Database\MigrationRunner->latest()
#6 D:\php-project\project_learning\vendor\codeigniter4\framework\system\CLI\Commands.php(100): CodeIgniter\Commands\Database\Migrate->run()
#7 D:\php-project\project_learning\vendor\codeigniter4\framework\system\CLI\CommandRunner.php(107): CodeIgniter\CLI\Commands->run()
#8 D:\php-project\project_learning\vendor\codeigniter4\framework\system\CLI\CommandRunner.php(85): CodeIgniter\CLI\CommandRunner->index()
#9 D:\php-project\project_learning\vendor\codeigniter4\framework\system\CodeIgniter.php(914): CodeIgniter\CLI\CommandRunner->_remap()
#10 D:\php-project\project_learning\vendor\codeigniter4\framework\system\CodeIgniter.php(404): CodeIgniter\CodeIgniter->runController()
#11 D:\php-project\project_learning\vendor\codeigniter4\framework\system\CodeIgniter.php(312): CodeIgniter\CodeIgniter->handleRequest()
#12 D:\php-project\project_learning\vendor\codeigniter4\framework\system\CLI\Console.php(86): CodeIgniter\CodeIgniter->run()
#13 D:\php-project\project_learning\spark(57): CodeIgniter\CLI\Console->run()
#14 {main}
CRITICAL - 2021-01-18 22:07:23 --> Unable to connect to the database.
#0 D:\php-project\project_learning\vendor\codeigniter4\framework\system\Database\BaseConnection.php(646): CodeIgniter\Database\BaseConnection->initialize()
#1 D:\php-project\project_learning\vendor\codeigniter4\framework\system\Database\BaseConnection.php(1548): CodeIgniter\Database\BaseConnection->query()
#2 D:\php-project\project_learning\vendor\codeigniter4\framework\system\Database\BaseConnection.php(1591): CodeIgniter\Database\BaseConnection->listTables()
#3 D:\php-project\project_learning\vendor\codeigniter4\framework\system\Database\MigrationRunner.php(945): CodeIgniter\Database\BaseConnection->tableExists()
#4 D:\php-project\project_learning\vendor\codeigniter4\framework\system\Database\MigrationRunner.php(193): CodeIgniter\Database\MigrationRunner->ensureTable()
#5 D:\php-project\project_learning\vendor\codeigniter4\framework\system\Commands\Database\Migrate.php(128): CodeIgniter\Database\MigrationRunner->latest()
#6 D:\php-project\project_learning\vendor\codeigniter4\framework\system\CLI\Commands.php(100): CodeIgniter\Commands\Database\Migrate->run()
#7 D:\php-project\project_learning\vendor\codeigniter4\framework\system\CLI\CommandRunner.php(107): CodeIgniter\CLI\Commands->run()
#8 D:\php-project\project_learning\vendor\codeigniter4\framework\system\CLI\CommandRunner.php(85): CodeIgniter\CLI\CommandRunner->index()
#9 D:\php-project\project_learning\vendor\codeigniter4\framework\system\CodeIgniter.php(914): CodeIgniter\CLI\CommandRunner->_remap()
#10 D:\php-project\project_learning\vendor\codeigniter4\framework\system\CodeIgniter.php(404): CodeIgniter\CodeIgniter->runController()
#11 D:\php-project\project_learning\vendor\codeigniter4\framework\system\CodeIgniter.php(312): CodeIgniter\CodeIgniter->handleRequest()
#12 D:\php-project\project_learning\vendor\codeigniter4\framework\system\CLI\Console.php(86): CodeIgniter\CodeIgniter->run()
#13 D:\php-project\project_learning\spark(57): CodeIgniter\CLI\Console->run()
#14 {main}
CRITICAL - 2021-01-18 22:07:43 --> Unable to connect to the database.
#0 D:\php-project\project_learning\vendor\codeigniter4\framework\system\Database\BaseConnection.php(646): CodeIgniter\Database\BaseConnection->initialize()
#1 D:\php-project\project_learning\vendor\codeigniter4\framework\system\Database\BaseConnection.php(1548): CodeIgniter\Database\BaseConnection->query()
#2 D:\php-project\project_learning\vendor\codeigniter4\framework\system\Database\BaseConnection.php(1591): CodeIgniter\Database\BaseConnection->listTables()
#3 D:\php-project\project_learning\vendor\codeigniter4\framework\system\Database\MigrationRunner.php(945): CodeIgniter\Database\BaseConnection->tableExists()
#4 D:\php-project\project_learning\vendor\codeigniter4\framework\system\Database\MigrationRunner.php(796): CodeIgniter\Database\MigrationRunner->ensureTable()
#5 D:\php-project\project_learning\vendor\codeigniter4\framework\system\Commands\Database\MigrateStatus.php(153): CodeIgniter\Database\MigrationRunner->getHistory()
#6 D:\php-project\project_learning\vendor\codeigniter4\framework\system\CLI\Commands.php(100): CodeIgniter\Commands\Database\MigrateStatus->run()
#7 D:\php-project\project_learning\vendor\codeigniter4\framework\system\CLI\CommandRunner.php(107): CodeIgniter\CLI\Commands->run()
#8 D:\php-project\project_learning\vendor\codeigniter4\framework\system\CLI\CommandRunner.php(85): CodeIgniter\CLI\CommandRunner->index()
#9 D:\php-project\project_learning\vendor\codeigniter4\framework\system\CodeIgniter.php(914): CodeIgniter\CLI\CommandRunner->_remap()
#10 D:\php-project\project_learning\vendor\codeigniter4\framework\system\CodeIgniter.php(404): CodeIgniter\CodeIgniter->runController()
#11 D:\php-project\project_learning\vendor\codeigniter4\framework\system\CodeIgniter.php(312): CodeIgniter\CodeIgniter->handleRequest()
#12 D:\php-project\project_learning\vendor\codeigniter4\framework\system\CLI\Console.php(86): CodeIgniter\CodeIgniter->run()
#13 D:\php-project\project_learning\spark(57): CodeIgniter\CLI\Console->run()
#14 {main}
CRITICAL - 2021-01-18 22:13:33 --> Unable to connect to the database.
#0 D:\php-project\project_learning\vendor\codeigniter4\framework\system\Database\BaseConnection.php(646): CodeIgniter\Database\BaseConnection->initialize()
#1 D:\php-project\project_learning\vendor\codeigniter4\framework\system\Database\BaseConnection.php(1548): CodeIgniter\Database\BaseConnection->query()
#2 D:\php-project\project_learning\vendor\codeigniter4\framework\system\Database\BaseConnection.php(1591): CodeIgniter\Database\BaseConnection->listTables()
#3 D:\php-project\project_learning\vendor\codeigniter4\framework\system\Database\MigrationRunner.php(945): CodeIgniter\Database\BaseConnection->tableExists()
#4 D:\php-project\project_learning\vendor\codeigniter4\framework\system\Database\MigrationRunner.php(796): CodeIgniter\Database\MigrationRunner->ensureTable()
#5 D:\php-project\project_learning\vendor\codeigniter4\framework\system\Commands\Database\MigrateStatus.php(153): CodeIgniter\Database\MigrationRunner->getHistory()
#6 D:\php-project\project_learning\vendor\codeigniter4\framework\system\CLI\Commands.php(100): CodeIgniter\Commands\Database\MigrateStatus->run()
#7 D:\php-project\project_learning\vendor\codeigniter4\framework\system\CLI\CommandRunner.php(107): CodeIgniter\CLI\Commands->run()
#8 D:\php-project\project_learning\vendor\codeigniter4\framework\system\CLI\CommandRunner.php(85): CodeIgniter\CLI\CommandRunner->index()
#9 D:\php-project\project_learning\vendor\codeigniter4\framework\system\CodeIgniter.php(914): CodeIgniter\CLI\CommandRunner->_remap()
#10 D:\php-project\project_learning\vendor\codeigniter4\framework\system\CodeIgniter.php(404): CodeIgniter\CodeIgniter->runController()
#11 D:\php-project\project_learning\vendor\codeigniter4\framework\system\CodeIgniter.php(312): CodeIgniter\CodeIgniter->handleRequest()
#12 D:\php-project\project_learning\vendor\codeigniter4\framework\system\CLI\Console.php(86): CodeIgniter\CodeIgniter->run()
#13 D:\php-project\project_learning\spark(57): CodeIgniter\CLI\Console->run()
#14 {main}
CRITICAL - 2021-01-18 22:13:38 --> Unable to connect to the database.
#0 D:\php-project\project_learning\vendor\codeigniter4\framework\system\Database\BaseConnection.php(646): CodeIgniter\Database\BaseConnection->initialize()
#1 D:\php-project\project_learning\vendor\codeigniter4\framework\system\Database\BaseConnection.php(1548): CodeIgniter\Database\BaseConnection->query()
#2 D:\php-project\project_learning\vendor\codeigniter4\framework\system\Database\BaseConnection.php(1591): CodeIgniter\Database\BaseConnection->listTables()
#3 D:\php-project\project_learning\vendor\codeigniter4\framework\system\Database\MigrationRunner.php(945): CodeIgniter\Database\BaseConnection->tableExists()
#4 D:\php-project\project_learning\vendor\codeigniter4\framework\system\Database\MigrationRunner.php(193): CodeIgniter\Database\MigrationRunner->ensureTable()
#5 D:\php-project\project_learning\vendor\codeigniter4\framework\system\Commands\Database\Migrate.php(128): CodeIgniter\Database\MigrationRunner->latest()
#6 D:\php-project\project_learning\vendor\codeigniter4\framework\system\CLI\Commands.php(100): CodeIgniter\Commands\Database\Migrate->run()
#7 D:\php-project\project_learning\vendor\codeigniter4\framework\system\CLI\CommandRunner.php(107): CodeIgniter\CLI\Commands->run()
#8 D:\php-project\project_learning\vendor\codeigniter4\framework\system\CLI\CommandRunner.php(85): CodeIgniter\CLI\CommandRunner->index()
#9 D:\php-project\project_learning\vendor\codeigniter4\framework\system\CodeIgniter.php(914): CodeIgniter\CLI\CommandRunner->_remap()
#10 D:\php-project\project_learning\vendor\codeigniter4\framework\system\CodeIgniter.php(404): CodeIgniter\CodeIgniter->runController()
#11 D:\php-project\project_learning\vendor\codeigniter4\framework\system\CodeIgniter.php(312): CodeIgniter\CodeIgniter->handleRequest()
#12 D:\php-project\project_learning\vendor\codeigniter4\framework\system\CLI\Console.php(86): CodeIgniter\CodeIgniter->run()
#13 D:\php-project\project_learning\spark(57): CodeIgniter\CLI\Console->run()
#14 {main}
CRITICAL - 2021-01-18 22:14:11 --> Unable to connect to the database.
#0 D:\php-project\project_learning\vendor\codeigniter4\framework\system\Database\BaseConnection.php(646): CodeIgniter\Database\BaseConnection->initialize()
#1 D:\php-project\project_learning\vendor\codeigniter4\framework\system\Database\BaseConnection.php(1548): CodeIgniter\Database\BaseConnection->query()
#2 D:\php-project\project_learning\vendor\codeigniter4\framework\system\Database\BaseConnection.php(1591): CodeIgniter\Database\BaseConnection->listTables()
#3 D:\php-project\project_learning\vendor\codeigniter4\framework\system\Database\MigrationRunner.php(945): CodeIgniter\Database\BaseConnection->tableExists()
#4 D:\php-project\project_learning\vendor\codeigniter4\framework\system\Database\MigrationRunner.php(193): CodeIgniter\Database\MigrationRunner->ensureTable()
#5 D:\php-project\project_learning\vendor\codeigniter4\framework\system\Commands\Database\Migrate.php(128): CodeIgniter\Database\MigrationRunner->latest()
#6 D:\php-project\project_learning\vendor\codeigniter4\framework\system\CLI\Commands.php(100): CodeIgniter\Commands\Database\Migrate->run()
#7 D:\php-project\project_learning\vendor\codeigniter4\framework\system\CLI\CommandRunner.php(107): CodeIgniter\CLI\Commands->run()
#8 D:\php-project\project_learning\vendor\codeigniter4\framework\system\CLI\CommandRunner.php(85): CodeIgniter\CLI\CommandRunner->index()
#9 D:\php-project\project_learning\vendor\codeigniter4\framework\system\CodeIgniter.php(914): CodeIgniter\CLI\CommandRunner->_remap()
#10 D:\php-project\project_learning\vendor\codeigniter4\framework\system\CodeIgniter.php(404): CodeIgniter\CodeIgniter->runController()
#11 D:\php-project\project_learning\vendor\codeigniter4\framework\system\CodeIgniter.php(312): CodeIgniter\CodeIgniter->handleRequest()
#12 D:\php-project\project_learning\vendor\codeigniter4\framework\system\CLI\Console.php(86): CodeIgniter\CodeIgniter->run()
#13 D:\php-project\project_learning\spark(57): CodeIgniter\CLI\Console->run()
#14 {main}
CRITICAL - 2021-01-18 22:15:41 --> Unable to connect to the database.
#0 D:\php-project\project_learning\vendor\codeigniter4\framework\system\Database\BaseConnection.php(646): CodeIgniter\Database\BaseConnection->initialize()
#1 D:\php-project\project_learning\vendor\codeigniter4\framework\system\Database\BaseConnection.php(1548): CodeIgniter\Database\BaseConnection->query()
#2 D:\php-project\project_learning\vendor\codeigniter4\framework\system\Database\BaseConnection.php(1591): CodeIgniter\Database\BaseConnection->listTables()
#3 D:\php-project\project_learning\vendor\codeigniter4\framework\system\Database\MigrationRunner.php(945): CodeIgniter\Database\BaseConnection->tableExists()
#4 D:\php-project\project_learning\vendor\codeigniter4\framework\system\Database\MigrationRunner.php(193): CodeIgniter\Database\MigrationRunner->ensureTable()
#5 D:\php-project\project_learning\vendor\codeigniter4\framework\system\Commands\Database\Migrate.php(128): CodeIgniter\Database\MigrationRunner->latest()
#6 D:\php-project\project_learning\vendor\codeigniter4\framework\system\CLI\Commands.php(100): CodeIgniter\Commands\Database\Migrate->run()
#7 D:\php-project\project_learning\vendor\codeigniter4\framework\system\CLI\CommandRunner.php(107): CodeIgniter\CLI\Commands->run()
#8 D:\php-project\project_learning\vendor\codeigniter4\framework\system\CLI\CommandRunner.php(85): CodeIgniter\CLI\CommandRunner->index()
#9 D:\php-project\project_learning\vendor\codeigniter4\framework\system\CodeIgniter.php(914): CodeIgniter\CLI\CommandRunner->_remap()
#10 D:\php-project\project_learning\vendor\codeigniter4\framework\system\CodeIgniter.php(404): CodeIgniter\CodeIgniter->runController()
#11 D:\php-project\project_learning\vendor\codeigniter4\framework\system\CodeIgniter.php(312): CodeIgniter\CodeIgniter->handleRequest()
#12 D:\php-project\project_learning\vendor\codeigniter4\framework\system\CLI\Console.php(86): CodeIgniter\CodeIgniter->run()
#13 D:\php-project\project_learning\spark(57): CodeIgniter\CLI\Console->run()
#14 {main}
CRITICAL - 2021-01-18 22:20:18 --> Unable to connect to the database.
#0 D:\php-project\project_learning\vendor\codeigniter4\framework\system\Database\BaseConnection.php(646): CodeIgniter\Database\BaseConnection->initialize()
#1 D:\php-project\project_learning\vendor\codeigniter4\framework\system\Database\BaseConnection.php(1548): CodeIgniter\Database\BaseConnection->query()
#2 D:\php-project\project_learning\vendor\codeigniter4\framework\system\Database\BaseConnection.php(1591): CodeIgniter\Database\BaseConnection->listTables()
#3 D:\php-project\project_learning\vendor\codeigniter4\framework\system\Database\MigrationRunner.php(945): CodeIgniter\Database\BaseConnection->tableExists()
#4 D:\php-project\project_learning\vendor\codeigniter4\framework\system\Database\MigrationRunner.php(193): CodeIgniter\Database\MigrationRunner->ensureTable()
#5 D:\php-project\project_learning\vendor\codeigniter4\framework\system\Commands\Database\Migrate.php(128): CodeIgniter\Database\MigrationRunner->latest()
#6 D:\php-project\project_learning\vendor\codeigniter4\framework\system\CLI\Commands.php(100): CodeIgniter\Commands\Database\Migrate->run()
#7 D:\php-project\project_learning\vendor\codeigniter4\framework\system\CLI\CommandRunner.php(107): CodeIgniter\CLI\Commands->run()
#8 D:\php-project\project_learning\vendor\codeigniter4\framework\system\CLI\CommandRunner.php(85): CodeIgniter\CLI\CommandRunner->index()
#9 D:\php-project\project_learning\vendor\codeigniter4\framework\system\CodeIgniter.php(914): CodeIgniter\CLI\CommandRunner->_remap()
#10 D:\php-project\project_learning\vendor\codeigniter4\framework\system\CodeIgniter.php(404): CodeIgniter\CodeIgniter->runController()
#11 D:\php-project\project_learning\vendor\codeigniter4\framework\system\CodeIgniter.php(312): CodeIgniter\CodeIgniter->handleRequest()
#12 D:\php-project\project_learning\vendor\codeigniter4\framework\system\CLI\Console.php(86): CodeIgniter\CodeIgniter->run()
#13 D:\php-project\project_learning\spark(57): CodeIgniter\CLI\Console->run()
#14 {main}
CRITICAL - 2021-01-18 22:28:23 --> Unable to connect to the database.
#0 D:\php-project\project_learning\vendor\codeigniter4\framework\system\Database\BaseConnection.php(646): CodeIgniter\Database\BaseConnection->initialize()
#1 D:\php-project\project_learning\vendor\codeigniter4\framework\system\Database\BaseConnection.php(1548): CodeIgniter\Database\BaseConnection->query()
#2 D:\php-project\project_learning\vendor\codeigniter4\framework\system\Database\BaseConnection.php(1591): CodeIgniter\Database\BaseConnection->listTables()
#3 D:\php-project\project_learning\vendor\codeigniter4\framework\system\Database\MigrationRunner.php(945): CodeIgniter\Database\BaseConnection->tableExists()
#4 D:\php-project\project_learning\vendor\codeigniter4\framework\system\Database\MigrationRunner.php(193): CodeIgniter\Database\MigrationRunner->ensureTable()
#5 D:\php-project\project_learning\vendor\codeigniter4\framework\system\Commands\Database\Migrate.php(128): CodeIgniter\Database\MigrationRunner->latest()
#6 D:\php-project\project_learning\vendor\codeigniter4\framework\system\CLI\Commands.php(100): CodeIgniter\Commands\Database\Migrate->run()
#7 D:\php-project\project_learning\vendor\codeigniter4\framework\system\CLI\CommandRunner.php(107): CodeIgniter\CLI\Commands->run()
#8 D:\php-project\project_learning\vendor\codeigniter4\framework\system\CLI\CommandRunner.php(85): CodeIgniter\CLI\CommandRunner->index()
#9 D:\php-project\project_learning\vendor\codeigniter4\framework\system\CodeIgniter.php(914): CodeIgniter\CLI\CommandRunner->_remap()
#10 D:\php-project\project_learning\vendor\codeigniter4\framework\system\CodeIgniter.php(404): CodeIgniter\CodeIgniter->runController()
#11 D:\php-project\project_learning\vendor\codeigniter4\framework\system\CodeIgniter.php(312): CodeIgniter\CodeIgniter->handleRequest()
#12 D:\php-project\project_learning\vendor\codeigniter4\framework\system\CLI\Console.php(86): CodeIgniter\CodeIgniter->run()
#13 D:\php-project\project_learning\spark(57): CodeIgniter\CLI\Console->run()
#14 {main}
CRITICAL - 2021-01-18 22:28:38 --> Unable to connect to the database.
#0 D:\php-project\project_learning\vendor\codeigniter4\framework\system\Database\BaseConnection.php(646): CodeIgniter\Database\BaseConnection->initialize()
#1 D:\php-project\project_learning\vendor\codeigniter4\framework\system\Database\BaseConnection.php(1548): CodeIgniter\Database\BaseConnection->query()
#2 D:\php-project\project_learning\vendor\codeigniter4\framework\system\Database\BaseConnection.php(1591): CodeIgniter\Database\BaseConnection->listTables()
#3 D:\php-project\project_learning\vendor\codeigniter4\framework\system\Database\MigrationRunner.php(945): CodeIgniter\Database\BaseConnection->tableExists()
#4 D:\php-project\project_learning\vendor\codeigniter4\framework\system\Database\MigrationRunner.php(193): CodeIgniter\Database\MigrationRunner->ensureTable()
#5 D:\php-project\project_learning\vendor\codeigniter4\framework\system\Commands\Database\Migrate.php(128): CodeIgniter\Database\MigrationRunner->latest()
#6 D:\php-project\project_learning\vendor\codeigniter4\framework\system\CLI\Commands.php(100): CodeIgniter\Commands\Database\Migrate->run()
#7 D:\php-project\project_learning\vendor\codeigniter4\framework\system\CLI\CommandRunner.php(107): CodeIgniter\CLI\Commands->run()
#8 D:\php-project\project_learning\vendor\codeigniter4\framework\system\CLI\CommandRunner.php(85): CodeIgniter\CLI\CommandRunner->index()
#9 D:\php-project\project_learning\vendor\codeigniter4\framework\system\CodeIgniter.php(914): CodeIgniter\CLI\CommandRunner->_remap()
#10 D:\php-project\project_learning\vendor\codeigniter4\framework\system\CodeIgniter.php(404): CodeIgniter\CodeIgniter->runController()
#11 D:\php-project\project_learning\vendor\codeigniter4\framework\system\CodeIgniter.php(312): CodeIgniter\CodeIgniter->handleRequest()
#12 D:\php-project\project_learning\vendor\codeigniter4\framework\system\CLI\Console.php(86): CodeIgniter\CodeIgniter->run()
#13 D:\php-project\project_learning\spark(57): CodeIgniter\CLI\Console->run()
#14 {main}
